23:47:20.027 [main] WARN  o.s.b.f.xml.XmlBeanDefinitionReader - Ignored XML validation warning
org.xml.sax.SAXParseException: schema_reference.4: Failed to read schema document 'http://www.springframework.org/schema/tx/spring-tx-3.2.xsd', because 1) could not find the document; 2) the document could not be read; 3) the root element of the document is not <xsd:schema>.
	at org.apache.xerces.util.ErrorHandlerWrapper.createSAXParseException(Unknown Source) [xercesImpl-2.10.0.jar:na]
	at org.apache.xerces.util.ErrorHandlerWrapper.warning(Unknown Source) [xercesImpl-2.10.0.jar:na]
	at org.apache.xerces.impl.XMLErrorReporter.reportError(Unknown Source) [xercesImpl-2.10.0.jar:na]
	at org.apache.xerces.impl.XMLErrorReporter.reportError(Unknown Source) [xercesImpl-2.10.0.jar:na]
	at org.apache.xerces.impl.xs.traversers.XSDHandler.reportSchemaWarning(Unknown Source) [xercesImpl-2.10.0.jar:na]
	at org.apache.xerces.impl.xs.traversers.XSDHandler.getSchemaDocument1(Unknown Source) [xercesImpl-2.10.0.jar:na]
	at org.apache.xerces.impl.xs.traversers.XSDHandler.getSchemaDocument(Unknown Source) [xercesImpl-2.10.0.jar:na]
	at org.apache.xerces.impl.xs.traversers.XSDHandler.parseSchema(Unknown Source) [xercesImpl-2.10.0.jar:na]
	at org.apache.xerces.impl.xs.XMLSchemaLoader.loadSchema(Unknown Source) [xercesImpl-2.10.0.jar:na]
	at org.apache.xerces.impl.xs.XMLSchemaValidator.findSchemaGrammar(Unknown Source) [xercesImpl-2.10.0.jar:na]
	at org.apache.xerces.impl.xs.XMLSchemaValidator.handleStartElement(Unknown Source) [xercesImpl-2.10.0.jar:na]
	at org.apache.xerces.impl.xs.XMLSchemaValidator.emptyElement(Unknown Source) [xercesImpl-2.10.0.jar:na]
	at org.apache.xerces.impl.XMLNSDocumentScannerImpl.scanStartElement(Unknown Source) [xercesImpl-2.10.0.jar:na]
	at org.apache.xerces.impl.XMLDocumentFragmentScannerImpl$FragmentContentDispatcher.dispatch(Unknown Source) [xercesImpl-2.10.0.jar:na]
	at org.apache.xerces.impl.XMLDocumentFragmentScannerImpl.scanDocument(Unknown Source) [xercesImpl-2.10.0.jar:na]
	at org.apache.xerces.parsers.XML11Configuration.parse(Unknown Source) [xercesImpl-2.10.0.jar:na]
	at org.apache.xerces.parsers.XML11Configuration.parse(Unknown Source) [xercesImpl-2.10.0.jar:na]
	at org.apache.xerces.parsers.XMLParser.parse(Unknown Source) [xercesImpl-2.10.0.jar:na]
	at org.apache.xerces.parsers.DOMParser.parse(Unknown Source) [xercesImpl-2.10.0.jar:na]
	at org.apache.xerces.jaxp.DocumentBuilderImpl.parse(Unknown Source) [xercesImpl-2.10.0.jar:na]
	at org.springframework.beans.factory.xml.DefaultDocumentLoader.loadDocument(DefaultDocumentLoader.java:75) [spring-beans-3.2.0.RELEASE.jar:3.2.0.RELEASE]
	at org.springframework.beans.factory.xml.XmlBeanDefinitionReader.doLoadBeanDefinitions(XmlBeanDefinitionReader.java:388) [spring-beans-3.2.0.RELEASE.jar:3.2.0.RELEASE]
	at org.springframework.beans.factory.xml.XmlBeanDefinitionReader.loadBeanDefinitions(XmlBeanDefinitionReader.java:334) [spring-beans-3.2.0.RELEASE.jar:3.2.0.RELEASE]
	at org.springframework.beans.factory.xml.XmlBeanDefinitionReader.loadBeanDefinitions(XmlBeanDefinitionReader.java:302) [spring-beans-3.2.0.RELEASE.jar:3.2.0.RELEASE]
	at org.springframework.beans.factory.support.AbstractBeanDefinitionReader.loadBeanDefinitions(AbstractBeanDefinitionReader.java:174) [spring-beans-3.2.0.RELEASE.jar:3.2.0.RELEASE]
	at org.springframework.beans.factory.support.AbstractBeanDefinitionReader.loadBeanDefinitions(AbstractBeanDefinitionReader.java:209) [spring-beans-3.2.0.RELEASE.jar:3.2.0.RELEASE]
	at org.springframework.beans.factory.support.AbstractBeanDefinitionReader.loadBeanDefinitions(AbstractBeanDefinitionReader.java:180) [spring-beans-3.2.0.RELEASE.jar:3.2.0.RELEASE]
	at org.springframework.web.context.support.XmlWebApplicationContext.loadBeanDefinitions(XmlWebApplicationContext.java:125) [spring-web-3.2.0.RELEASE.jar:3.2.0.RELEASE]
	at org.springframework.web.context.support.XmlWebApplicationContext.loadBeanDefinitions(XmlWebApplicationContext.java:94) [spring-web-3.2.0.RELEASE.jar:3.2.0.RELEASE]
	at org.springframework.context.support.AbstractRefreshableApplicationContext.refreshBeanFactory(AbstractRefreshableApplicationContext.java:131) [spring-context-3.2.0.RELEASE.jar:3.2.0.RELEASE]
	at org.springframework.context.support.AbstractApplicationContext.obtainFreshBeanFactory(AbstractApplicationContext.java:537) [spring-context-3.2.0.RELEASE.jar:3.2.0.RELEASE]
	at org.springframework.context.support.AbstractApplicationContext.refresh(AbstractApplicationContext.java:451) [spring-context-3.2.0.RELEASE.jar:3.2.0.RELEASE]
	at org.springframework.web.context.ContextLoader.configureAndRefreshWebApplicationContext(ContextLoader.java:383) [spring-web-3.2.0.RELEASE.jar:3.2.0.RELEASE]
	at org.springframework.web.context.ContextLoader.initWebApplicationContext(ContextLoader.java:283) [spring-web-3.2.0.RELEASE.jar:3.2.0.RELEASE]
	at org.springframework.web.context.ContextLoaderListener.contextInitialized(ContextLoaderListener.java:112) [spring-web-3.2.0.RELEASE.jar:3.2.0.RELEASE]
	at org.mortbay.jetty.handler.ContextHandler.startContext(ContextHandler.java:549) [jetty-6.1.26.jar:6.1.26]
	at org.mortbay.jetty.servlet.Context.startContext(Context.java:136) [jetty-6.1.26.jar:6.1.26]
	at org.mortbay.jetty.webapp.WebAppContext.startContext(WebAppContext.java:1282) [jetty-6.1.26.jar:6.1.26]
	at org.mortbay.jetty.handler.ContextHandler.doStart(ContextHandler.java:518) [jetty-6.1.26.jar:6.1.26]
	at org.mortbay.jetty.webapp.WebAppContext.doStart(WebAppContext.java:499) [jetty-6.1.26.jar:6.1.26]
	at org.mortbay.component.AbstractLifeCycle.start(AbstractLifeCycle.java:50) [jetty-util-6.1.26.jar:6.1.26]
	at org.mortbay.jetty.handler.HandlerWrapper.doStart(HandlerWrapper.java:130) [jetty-6.1.26.jar:6.1.26]
	at org.mortbay.jetty.Server.doStart(Server.java:224) [jetty-6.1.26.jar:6.1.26]
	at org.mortbay.component.AbstractLifeCycle.start(AbstractLifeCycle.java:50) [jetty-util-6.1.26.jar:6.1.26]
	at runjettyrun.Bootstrap.main(Bootstrap.java:97) [run-jetty-run-bootstrap.jar:na]
23:47:20.058 [main] ERROR o.s.web.context.ContextLoader - Context initialization failed
org.springframework.beans.factory.xml.XmlBeanDefinitionStoreException: Line 53 in XML document from URL [file:/D:/GitHub/repo1/quickstart/target/classes/applicationContext.xml] is invalid; nested exception is org.xml.sax.SAXParseException: cvc-complex-type.2.4.c: The matching wildcard is strict, but no declaration can be found for element 'tx:annotation-driven'.
	at org.springframework.beans.factory.xml.XmlBeanDefinitionReader.doLoadBeanDefinitions(XmlBeanDefinitionReader.java:396) ~[spring-beans-3.2.0.RELEASE.jar:3.2.0.RELEASE]
	at org.springframework.beans.factory.xml.XmlBeanDefinitionReader.loadBeanDefinitions(XmlBeanDefinitionReader.java:334) ~[spring-beans-3.2.0.RELEASE.jar:3.2.0.RELEASE]
	at org.springframework.beans.factory.xml.XmlBeanDefinitionReader.loadBeanDefinitions(XmlBeanDefinitionReader.java:302) ~[spring-beans-3.2.0.RELEASE.jar:3.2.0.RELEASE]
	at org.springframework.beans.factory.support.AbstractBeanDefinitionReader.loadBeanDefinitions(AbstractBeanDefinitionReader.java:174) ~[spring-beans-3.2.0.RELEASE.jar:3.2.0.RELEASE]
	at org.springframework.beans.factory.support.AbstractBeanDefinitionReader.loadBeanDefinitions(AbstractBeanDefinitionReader.java:209) ~[spring-beans-3.2.0.RELEASE.jar:3.2.0.RELEASE]
	at org.springframework.beans.factory.support.AbstractBeanDefinitionReader.loadBeanDefinitions(AbstractBeanDefinitionReader.java:180) ~[spring-beans-3.2.0.RELEASE.jar:3.2.0.RELEASE]
	at org.springframework.web.context.support.XmlWebApplicationContext.loadBeanDefinitions(XmlWebApplicationContext.java:125) ~[spring-web-3.2.0.RELEASE.jar:3.2.0.RELEASE]
	at org.springframework.web.context.support.XmlWebApplicationContext.loadBeanDefinitions(XmlWebApplicationContext.java:94) ~[spring-web-3.2.0.RELEASE.jar:3.2.0.RELEASE]
	at org.springframework.context.support.AbstractRefreshableApplicationContext.refreshBeanFactory(AbstractRefreshableApplicationContext.java:131) ~[spring-context-3.2.0.RELEASE.jar:3.2.0.RELEASE]
	at org.springframework.context.support.AbstractApplicationContext.obtainFreshBeanFactory(AbstractApplicationContext.java:537) ~[spring-context-3.2.0.RELEASE.jar:3.2.0.RELEASE]
	at org.springframework.context.support.AbstractApplicationContext.refresh(AbstractApplicationContext.java:451) ~[spring-context-3.2.0.RELEASE.jar:3.2.0.RELEASE]
	at org.springframework.web.context.ContextLoader.configureAndRefreshWebApplicationContext(ContextLoader.java:383) ~[spring-web-3.2.0.RELEASE.jar:3.2.0.RELEASE]
	at org.springframework.web.context.ContextLoader.initWebApplicationContext(ContextLoader.java:283) ~[spring-web-3.2.0.RELEASE.jar:3.2.0.RELEASE]
	at org.springframework.web.context.ContextLoaderListener.contextInitialized(ContextLoaderListener.java:112) [spring-web-3.2.0.RELEASE.jar:3.2.0.RELEASE]
	at org.mortbay.jetty.handler.ContextHandler.startContext(ContextHandler.java:549) [jetty-6.1.26.jar:6.1.26]
	at org.mortbay.jetty.servlet.Context.startContext(Context.java:136) [jetty-6.1.26.jar:6.1.26]
	at org.mortbay.jetty.webapp.WebAppContext.startContext(WebAppContext.java:1282) [jetty-6.1.26.jar:6.1.26]
	at org.mortbay.jetty.handler.ContextHandler.doStart(ContextHandler.java:518) [jetty-6.1.26.jar:6.1.26]
	at org.mortbay.jetty.webapp.WebAppContext.doStart(WebAppContext.java:499) [jetty-6.1.26.jar:6.1.26]
	at org.mortbay.component.AbstractLifeCycle.start(AbstractLifeCycle.java:50) [jetty-util-6.1.26.jar:6.1.26]
	at org.mortbay.jetty.handler.HandlerWrapper.doStart(HandlerWrapper.java:130) [jetty-6.1.26.jar:6.1.26]
	at org.mortbay.jetty.Server.doStart(Server.java:224) [jetty-6.1.26.jar:6.1.26]
	at org.mortbay.component.AbstractLifeCycle.start(AbstractLifeCycle.java:50) [jetty-util-6.1.26.jar:6.1.26]
	at runjettyrun.Bootstrap.main(Bootstrap.java:97) [run-jetty-run-bootstrap.jar:na]
Caused by: org.xml.sax.SAXParseException: cvc-complex-type.2.4.c: The matching wildcard is strict, but no declaration can be found for element 'tx:annotation-driven'.
	at org.apache.xerces.util.ErrorHandlerWrapper.createSAXParseException(Unknown Source) ~[xercesImpl-2.10.0.jar:na]
	at org.apache.xerces.util.ErrorHandlerWrapper.error(Unknown Source) ~[xercesImpl-2.10.0.jar:na]
	at org.apache.xerces.impl.XMLErrorReporter.reportError(Unknown Source) ~[xercesImpl-2.10.0.jar:na]
	at org.apache.xerces.impl.XMLErrorReporter.reportError(Unknown Source) ~[xercesImpl-2.10.0.jar:na]
	at org.apache.xerces.impl.XMLErrorReporter.reportError(Unknown Source) ~[xercesImpl-2.10.0.jar:na]
	at org.apache.xerces.impl.xs.XMLSchemaValidator$XSIErrorReporter.reportError(Unknown Source) ~[xercesImpl-2.10.0.jar:na]
	at org.apache.xerces.impl.xs.XMLSchemaValidator.reportSchemaError(Unknown Source) ~[xercesImpl-2.10.0.jar:na]
	at org.apache.xerces.impl.xs.XMLSchemaValidator.handleStartElement(Unknown Source) ~[xercesImpl-2.10.0.jar:na]
	at org.apache.xerces.impl.xs.XMLSchemaValidator.emptyElement(Unknown Source) ~[xercesImpl-2.10.0.jar:na]
	at org.apache.xerces.impl.XMLNSDocumentScannerImpl.scanStartElement(Unknown Source) ~[xercesImpl-2.10.0.jar:na]
	at org.apache.xerces.impl.XMLDocumentFragmentScannerImpl$FragmentContentDispatcher.dispatch(Unknown Source) ~[xercesImpl-2.10.0.jar:na]
	at org.apache.xerces.impl.XMLDocumentFragmentScannerImpl.scanDocument(Unknown Source) ~[xercesImpl-2.10.0.jar:na]
	at org.apache.xerces.parsers.XML11Configuration.parse(Unknown Source) ~[xercesImpl-2.10.0.jar:na]
	at org.apache.xerces.parsers.XML11Configuration.parse(Unknown Source) ~[xercesImpl-2.10.0.jar:na]
	at org.apache.xerces.parsers.XMLParser.parse(Unknown Source) ~[xercesImpl-2.10.0.jar:na]
	at org.apache.xerces.parsers.DOMParser.parse(Unknown Source) ~[xercesImpl-2.10.0.jar:na]
	at org.apache.xerces.jaxp.DocumentBuilderImpl.parse(Unknown Source) ~[xercesImpl-2.10.0.jar:na]
	at org.springframework.beans.factory.xml.DefaultDocumentLoader.loadDocument(DefaultDocumentLoader.java:75) ~[spring-beans-3.2.0.RELEASE.jar:3.2.0.RELEASE]
	at org.springframework.beans.factory.xml.XmlBeanDefinitionReader.doLoadBeanDefinitions(XmlBeanDefinitionReader.java:388) ~[spring-beans-3.2.0.RELEASE.jar:3.2.0.RELEASE]
	... 23 common frames omitted
