22:31:22.024 [qtp16250176-16] WARN  o.e.jetty.servlet.ServletHandler - /quickstart/login;jsessionid=1k48oo2766jl4nxic43vvzevv
org.apache.jasper.JasperException: java.err.nojdk
	at org.apache.jasper.compiler.DefaultErrorHandler.jspError(DefaultErrorHandler.java:89) ~[org.apache.jasper.glassfish-2.1.0.v201110031002.jar:na]
	at org.apache.jasper.compiler.ErrorDispatcher.dispatch(ErrorDispatcher.java:375) ~[org.apache.jasper.glassfish-2.1.0.v201110031002.jar:na]
	at org.apache.jasper.compiler.ErrorDispatcher.jspError(ErrorDispatcher.java:116) ~[org.apache.jasper.glassfish-2.1.0.v201110031002.jar:na]
	at org.apache.jasper.compiler.Jsr199JavaCompiler.compile(Jsr199JavaCompiler.java:198) ~[org.apache.jasper.glassfish-2.1.0.v201110031002.jar:na]
	at org.apache.jasper.compiler.Compiler.generateClass(Compiler.java:364) ~[org.apache.jasper.glassfish-2.1.0.v201110031002.jar:na]
	at org.apache.jasper.compiler.Compiler.compile(Compiler.java:433) ~[org.apache.jasper.glassfish-2.1.0.v201110031002.jar:na]
	at org.apache.jasper.JspCompilationContext.compile(JspCompilationContext.java:608) ~[org.apache.jasper.glassfish-2.1.0.v201110031002.jar:na]
	at org.apache.jasper.servlet.JspServletWrapper.service(JspServletWrapper.java:374) ~[org.apache.jasper.glassfish-2.1.0.v201110031002.jar:na]
	at org.apache.jasper.servlet.JspServlet.serviceJspFile(JspServlet.java:476) ~[org.apache.jasper.glassfish-2.1.0.v201110031002.jar:na]
	at org.apache.jasper.servlet.JspServlet.service(JspServlet.java:366) ~[org.apache.jasper.glassfish-2.1.0.v201110031002.jar:na]
	at javax.servlet.http.HttpServlet.service(HttpServlet.java:820) ~[servlet-api-2.5.jar:2.5]
	at org.eclipse.jetty.servlet.ServletHolder.handle(ServletHolder.java:652) ~[jetty-webapp-7.6.8.v20121106.jar:7.6.8.v20121106]
	at org.eclipse.jetty.servlet.ServletHandler.doHandle(ServletHandler.java:447) [jetty-webapp-7.6.8.v20121106.jar:7.6.8.v20121106]
	at org.eclipse.jetty.server.handler.ScopedHandler.handle(ScopedHandler.java:137) [jetty-webapp-7.6.8.v20121106.jar:7.6.8.v20121106]
	at org.eclipse.jetty.security.SecurityHandler.handle(SecurityHandler.java:574) [jetty-webapp-7.6.8.v20121106.jar:7.6.8.v20121106]
	at org.eclipse.jetty.server.session.SessionHandler.doHandle(SessionHandler.java:227) [jetty-webapp-7.6.8.v20121106.jar:7.6.8.v20121106]
	at org.eclipse.jetty.server.handler.ContextHandler.doHandle(ContextHandler.java:1038) [jetty-webapp-7.6.8.v20121106.jar:7.6.8.v20121106]
	at org.eclipse.jetty.servlet.ServletHandler.doScope(ServletHandler.java:374) [jetty-webapp-7.6.8.v20121106.jar:7.6.8.v20121106]
	at org.eclipse.jetty.server.session.SessionHandler.doScope(SessionHandler.java:189) [jetty-webapp-7.6.8.v20121106.jar:7.6.8.v20121106]
	at org.eclipse.jetty.server.handler.ContextHandler.doScope(ContextHandler.java:972) [jetty-webapp-7.6.8.v20121106.jar:7.6.8.v20121106]
	at org.eclipse.jetty.server.handler.ScopedHandler.handle(ScopedHandler.java:135) [jetty-webapp-7.6.8.v20121106.jar:7.6.8.v20121106]
	at org.eclipse.jetty.server.Dispatcher.forward(Dispatcher.java:293) ~[jetty-webapp-7.6.8.v20121106.jar:7.6.8.v20121106]
	at org.eclipse.jetty.server.Dispatcher.forward(Dispatcher.java:120) ~[jetty-webapp-7.6.8.v20121106.jar:7.6.8.v20121106]
	at org.springframework.web.servlet.view.InternalResourceView.renderMergedOutputModel(InternalResourceView.java:238) ~[spring-webmvc-3.2.0.RELEASE.jar:3.2.0.RELEASE]
	at org.springframework.web.servlet.view.AbstractView.render(AbstractView.java:264) ~[spring-webmvc-3.2.0.RELEASE.jar:3.2.0.RELEASE]
	at org.springframework.web.servlet.DispatcherServlet.render(DispatcherServlet.java:1208) ~[spring-webmvc-3.2.0.RELEASE.jar:3.2.0.RELEASE]
	at org.springframework.web.servlet.DispatcherServlet.processDispatchResult(DispatcherServlet.java:992) ~[spring-webmvc-3.2.0.RELEASE.jar:3.2.0.RELEASE]
	at org.springframework.web.servlet.DispatcherServlet.doDispatch(DispatcherServlet.java:939) ~[spring-webmvc-3.2.0.RELEASE.jar:3.2.0.RELEASE]
	at org.springframework.web.servlet.DispatcherServlet.doService(DispatcherServlet.java:856) ~[spring-webmvc-3.2.0.RELEASE.jar:3.2.0.RELEASE]
	at org.springframework.web.servlet.FrameworkServlet.processRequest(FrameworkServlet.java:915) ~[spring-webmvc-3.2.0.RELEASE.jar:3.2.0.RELEASE]
	at org.springframework.web.servlet.FrameworkServlet.doGet(FrameworkServlet.java:811) ~[spring-webmvc-3.2.0.RELEASE.jar:3.2.0.RELEASE]
	at javax.servlet.http.HttpServlet.service(HttpServlet.java:707) ~[servlet-api-2.5.jar:2.5]
	at org.springframework.web.servlet.FrameworkServlet.service(FrameworkServlet.java:796) ~[spring-webmvc-3.2.0.RELEASE.jar:3.2.0.RELEASE]
	at javax.servlet.http.HttpServlet.service(HttpServlet.java:820) ~[servlet-api-2.5.jar:2.5]
	at org.eclipse.jetty.servlet.ServletHolder.handle(ServletHolder.java:652) ~[jetty-webapp-7.6.8.v20121106.jar:7.6.8.v20121106]
	at org.eclipse.jetty.servlet.ServletHandler$CachedChain.doFilter(ServletHandler.java:1329) ~[jetty-webapp-7.6.8.v20121106.jar:7.6.8.v20121106]
	at com.opensymphony.sitemesh.webapp.SiteMeshFilter.obtainContent(SiteMeshFilter.java:129) ~[sitemesh-2.4.2.jar:na]
	at com.opensymphony.sitemesh.webapp.SiteMeshFilter.doFilter(SiteMeshFilter.java:77) ~[sitemesh-2.4.2.jar:na]
	at org.eclipse.jetty.servlet.ServletHandler$CachedChain.doFilter(ServletHandler.java:1300) ~[jetty-webapp-7.6.8.v20121106.jar:7.6.8.v20121106]
	at org.apache.shiro.web.servlet.ProxiedFilterChain.doFilter(ProxiedFilterChain.java:61) ~[shiro-web-1.2.1.jar:1.2.1]
	at org.apache.shiro.web.servlet.AdviceFilter.executeChain(AdviceFilter.java:108) ~[shiro-web-1.2.1.jar:1.2.1]
	at org.apache.shiro.web.servlet.AdviceFilter.doFilterInternal(AdviceFilter.java:137) ~[shiro-web-1.2.1.jar:1.2.1]
	at org.apache.shiro.web.servlet.OncePerRequestFilter.doFilter(OncePerRequestFilter.java:125) ~[shiro-web-1.2.1.jar:1.2.1]
	at org.apache.shiro.web.servlet.ProxiedFilterChain.doFilter(ProxiedFilterChain.java:66) ~[shiro-web-1.2.1.jar:1.2.1]
	at org.apache.shiro.web.servlet.AbstractShiroFilter.executeChain(AbstractShiroFilter.java:449) ~[shiro-web-1.2.1.jar:1.2.1]
	at org.apache.shiro.web.servlet.AbstractShiroFilter$1.call(AbstractShiroFilter.java:365) ~[shiro-web-1.2.1.jar:1.2.1]
	at org.apache.shiro.subject.support.SubjectCallable.doCall(SubjectCallable.java:90) ~[shiro-core-1.2.1.jar:1.2.1]
	at org.apache.shiro.subject.support.SubjectCallable.call(SubjectCallable.java:83) ~[shiro-core-1.2.1.jar:1.2.1]
	at org.apache.shiro.subject.support.DelegatingSubject.execute(DelegatingSubject.java:383) ~[shiro-core-1.2.1.jar:1.2.1]
	at org.apache.shiro.web.servlet.AbstractShiroFilter.doFilterInternal(AbstractShiroFilter.java:362) ~[shiro-web-1.2.1.jar:1.2.1]
	at org.apache.shiro.web.servlet.OncePerRequestFilter.doFilter(OncePerRequestFilter.java:125) ~[shiro-web-1.2.1.jar:1.2.1]
	at org.springframework.web.filter.DelegatingFilterProxy.invokeDelegate(DelegatingFilterProxy.java:346) ~[spring-web-3.2.0.RELEASE.jar:3.2.0.RELEASE]
	at org.springframework.web.filter.DelegatingFilterProxy.doFilter(DelegatingFilterProxy.java:259) ~[spring-web-3.2.0.RELEASE.jar:3.2.0.RELEASE]
	at org.eclipse.jetty.servlet.ServletHandler$CachedChain.doFilter(ServletHandler.java:1300) ~[jetty-webapp-7.6.8.v20121106.jar:7.6.8.v20121106]
	at org.springframework.orm.jpa.support.OpenEntityManagerInViewFilter.doFilterInternal(OpenEntityManagerInViewFilter.java:180) ~[spring-orm-3.2.0.RELEASE.jar:3.2.0.RELEASE]
	at org.springframework.web.filter.OncePerRequestFilter.doFilter(OncePerRequestFilter.java:107) ~[spring-web-3.2.0.RELEASE.jar:3.2.0.RELEASE]
	at org.eclipse.jetty.servlet.ServletHandler$CachedChain.doFilter(ServletHandler.java:1300) ~[jetty-webapp-7.6.8.v20121106.jar:7.6.8.v20121106]
	at org.springframework.web.filter.CharacterEncodingFilter.doFilterInternal(CharacterEncodingFilter.java:88) ~[spring-web-3.2.0.RELEASE.jar:3.2.0.RELEASE]
	at org.springframework.web.filter.OncePerRequestFilter.doFilter(OncePerRequestFilter.java:107) ~[spring-web-3.2.0.RELEASE.jar:3.2.0.RELEASE]
	at org.eclipse.jetty.servlet.ServletHandler$CachedChain.doFilter(ServletHandler.java:1300) ~[jetty-webapp-7.6.8.v20121106.jar:7.6.8.v20121106]
	at org.eclipse.jetty.servlet.ServletHandler.doHandle(ServletHandler.java:445) [jetty-webapp-7.6.8.v20121106.jar:7.6.8.v20121106]
	at org.eclipse.jetty.server.handler.ScopedHandler.handle(ScopedHandler.java:137) [jetty-webapp-7.6.8.v20121106.jar:7.6.8.v20121106]
	at org.eclipse.jetty.security.SecurityHandler.handle(SecurityHandler.java:556) [jetty-webapp-7.6.8.v20121106.jar:7.6.8.v20121106]
	at org.eclipse.jetty.server.session.SessionHandler.doHandle(SessionHandler.java:227) [jetty-webapp-7.6.8.v20121106.jar:7.6.8.v20121106]
	at org.eclipse.jetty.server.handler.ContextHandler.doHandle(ContextHandler.java:1038) [jetty-webapp-7.6.8.v20121106.jar:7.6.8.v20121106]
	at org.eclipse.jetty.servlet.ServletHandler.doScope(ServletHandler.java:374) [jetty-webapp-7.6.8.v20121106.jar:7.6.8.v20121106]
	at org.eclipse.jetty.server.session.SessionHandler.doScope(SessionHandler.java:189) [jetty-webapp-7.6.8.v20121106.jar:7.6.8.v20121106]
	at org.eclipse.jetty.server.handler.ContextHandler.doScope(ContextHandler.java:972) [jetty-webapp-7.6.8.v20121106.jar:7.6.8.v20121106]
	at org.eclipse.jetty.server.handler.ScopedHandler.handle(ScopedHandler.java:135) [jetty-webapp-7.6.8.v20121106.jar:7.6.8.v20121106]
	at org.eclipse.jetty.server.handler.HandlerWrapper.handle(HandlerWrapper.java:116) [jetty-webapp-7.6.8.v20121106.jar:7.6.8.v20121106]
	at org.eclipse.jetty.server.Server.handle(Server.java:363) [jetty-webapp-7.6.8.v20121106.jar:7.6.8.v20121106]
	at org.eclipse.jetty.server.AbstractHttpConnection.handleRequest(AbstractHttpConnection.java:483) [jetty-webapp-7.6.8.v20121106.jar:7.6.8.v20121106]
	at org.eclipse.jetty.server.AbstractHttpConnection.headerComplete(AbstractHttpConnection.java:920) [jetty-webapp-7.6.8.v20121106.jar:7.6.8.v20121106]
	at org.eclipse.jetty.server.AbstractHttpConnection$RequestHandler.headerComplete(AbstractHttpConnection.java:982) [jetty-webapp-7.6.8.v20121106.jar:7.6.8.v20121106]
	at org.eclipse.jetty.http.HttpParser.parseNext(HttpParser.java:635) [jetty-http-8.1.7.v20120910.jar:8.1.7.v20120910]
	at org.eclipse.jetty.http.HttpParser.parseAvailable(HttpParser.java:235) [jetty-http-8.1.7.v20120910.jar:8.1.7.v20120910]
	at org.eclipse.jetty.server.AsyncHttpConnection.handle(AsyncHttpConnection.java:82) [jetty-webapp-7.6.8.v20121106.jar:7.6.8.v20121106]
	at org.eclipse.jetty.io.nio.SelectChannelEndPoint.handle(SelectChannelEndPoint.java:627) [jetty-io-8.1.7.v20120910.jar:8.1.7.v20120910]
	at org.eclipse.jetty.io.nio.SelectChannelEndPoint$1.run(SelectChannelEndPoint.java:51) [jetty-io-8.1.7.v20120910.jar:8.1.7.v20120910]
	at org.eclipse.jetty.util.thread.QueuedThreadPool.runJob(QueuedThreadPool.java:608) [jetty-util-8.1.7.v20120910.jar:8.1.7.v20120910]
	at org.eclipse.jetty.util.thread.QueuedThreadPool$3.run(QueuedThreadPool.java:543) [jetty-util-8.1.7.v20120910.jar:8.1.7.v20120910]
	at java.lang.Thread.run(Unknown Source) [na:1.6.0_10-rc2]
22:31:22.056 [qtp16250176-16] WARN  o.e.j.servlet.ErrorPageErrorHandler - EXCEPTION 
org.apache.jasper.JasperException: java.err.nojdk
	at org.apache.jasper.compiler.DefaultErrorHandler.jspError(DefaultErrorHandler.java:89) ~[org.apache.jasper.glassfish-2.1.0.v201110031002.jar:na]
	at org.apache.jasper.compiler.ErrorDispatcher.dispatch(ErrorDispatcher.java:375) ~[org.apache.jasper.glassfish-2.1.0.v201110031002.jar:na]
	at org.apache.jasper.compiler.ErrorDispatcher.jspError(ErrorDispatcher.java:116) ~[org.apache.jasper.glassfish-2.1.0.v201110031002.jar:na]
	at org.apache.jasper.compiler.Jsr199JavaCompiler.compile(Jsr199JavaCompiler.java:198) ~[org.apache.jasper.glassfish-2.1.0.v201110031002.jar:na]
	at org.apache.jasper.compiler.Compiler.generateClass(Compiler.java:364) ~[org.apache.jasper.glassfish-2.1.0.v201110031002.jar:na]
	at org.apache.jasper.compiler.Compiler.compile(Compiler.java:433) ~[org.apache.jasper.glassfish-2.1.0.v201110031002.jar:na]
	at org.apache.jasper.JspCompilationContext.compile(JspCompilationContext.java:608) ~[org.apache.jasper.glassfish-2.1.0.v201110031002.jar:na]
	at org.apache.jasper.servlet.JspServletWrapper.service(JspServletWrapper.java:374) ~[org.apache.jasper.glassfish-2.1.0.v201110031002.jar:na]
	at org.apache.jasper.servlet.JspServlet.serviceJspFile(JspServlet.java:476) ~[org.apache.jasper.glassfish-2.1.0.v201110031002.jar:na]
	at org.apache.jasper.servlet.JspServlet.service(JspServlet.java:366) ~[org.apache.jasper.glassfish-2.1.0.v201110031002.jar:na]
	at javax.servlet.http.HttpServlet.service(HttpServlet.java:820) ~[servlet-api-2.5.jar:2.5]
	at org.eclipse.jetty.servlet.ServletHolder.handle(ServletHolder.java:652) ~[jetty-webapp-7.6.8.v20121106.jar:7.6.8.v20121106]
	at org.eclipse.jetty.servlet.ServletHandler.doHandle(ServletHandler.java:447) [jetty-webapp-7.6.8.v20121106.jar:7.6.8.v20121106]
	at org.eclipse.jetty.server.handler.ScopedHandler.handle(ScopedHandler.java:137) [jetty-webapp-7.6.8.v20121106.jar:7.6.8.v20121106]
	at org.eclipse.jetty.security.SecurityHandler.handle(SecurityHandler.java:574) [jetty-webapp-7.6.8.v20121106.jar:7.6.8.v20121106]
	at org.eclipse.jetty.server.session.SessionHandler.doHandle(SessionHandler.java:227) [jetty-webapp-7.6.8.v20121106.jar:7.6.8.v20121106]
	at org.eclipse.jetty.server.handler.ContextHandler.doHandle(ContextHandler.java:1038) [jetty-webapp-7.6.8.v20121106.jar:7.6.8.v20121106]
	at org.eclipse.jetty.servlet.ServletHandler.doScope(ServletHandler.java:374) [jetty-webapp-7.6.8.v20121106.jar:7.6.8.v20121106]
	at org.eclipse.jetty.server.session.SessionHandler.doScope(SessionHandler.java:189) [jetty-webapp-7.6.8.v20121106.jar:7.6.8.v20121106]
	at org.eclipse.jetty.server.handler.ContextHandler.doScope(ContextHandler.java:972) [jetty-webapp-7.6.8.v20121106.jar:7.6.8.v20121106]
	at org.eclipse.jetty.server.handler.ScopedHandler.handle(ScopedHandler.java:135) [jetty-webapp-7.6.8.v20121106.jar:7.6.8.v20121106]
	at org.eclipse.jetty.server.Dispatcher.forward(Dispatcher.java:293) ~[jetty-webapp-7.6.8.v20121106.jar:7.6.8.v20121106]
	at org.eclipse.jetty.server.Dispatcher.error(Dispatcher.java:129) ~[jetty-webapp-7.6.8.v20121106.jar:7.6.8.v20121106]
	at org.eclipse.jetty.servlet.ErrorPageErrorHandler.handle(ErrorPageErrorHandler.java:143) ~[jetty-webapp-7.6.8.v20121106.jar:7.6.8.v20121106]
	at org.eclipse.jetty.server.Response.sendError(Response.java:347) [jetty-webapp-7.6.8.v20121106.jar:7.6.8.v20121106]
	at org.eclipse.jetty.servlet.ServletHandler.doHandle(ServletHandler.java:530) [jetty-webapp-7.6.8.v20121106.jar:7.6.8.v20121106]
	at org.eclipse.jetty.server.handler.ScopedHandler.handle(ScopedHandler.java:137) [jetty-webapp-7.6.8.v20121106.jar:7.6.8.v20121106]
	at org.eclipse.jetty.security.SecurityHandler.handle(SecurityHandler.java:556) [jetty-webapp-7.6.8.v20121106.jar:7.6.8.v20121106]
	at org.eclipse.jetty.server.session.SessionHandler.doHandle(SessionHandler.java:227) [jetty-webapp-7.6.8.v20121106.jar:7.6.8.v20121106]
	at org.eclipse.jetty.server.handler.ContextHandler.doHandle(ContextHandler.java:1038) [jetty-webapp-7.6.8.v20121106.jar:7.6.8.v20121106]
	at org.eclipse.jetty.servlet.ServletHandler.doScope(ServletHandler.java:374) [jetty-webapp-7.6.8.v20121106.jar:7.6.8.v20121106]
	at org.eclipse.jetty.server.session.SessionHandler.doScope(SessionHandler.java:189) [jetty-webapp-7.6.8.v20121106.jar:7.6.8.v20121106]
	at org.eclipse.jetty.server.handler.ContextHandler.doScope(ContextHandler.java:972) [jetty-webapp-7.6.8.v20121106.jar:7.6.8.v20121106]
	at org.eclipse.jetty.server.handler.ScopedHandler.handle(ScopedHandler.java:135) [jetty-webapp-7.6.8.v20121106.jar:7.6.8.v20121106]
	at org.eclipse.jetty.server.handler.HandlerWrapper.handle(HandlerWrapper.java:116) [jetty-webapp-7.6.8.v20121106.jar:7.6.8.v20121106]
	at org.eclipse.jetty.server.Server.handle(Server.java:363) [jetty-webapp-7.6.8.v20121106.jar:7.6.8.v20121106]
	at org.eclipse.jetty.server.AbstractHttpConnection.handleRequest(AbstractHttpConnection.java:483) [jetty-webapp-7.6.8.v20121106.jar:7.6.8.v20121106]
	at org.eclipse.jetty.server.AbstractHttpConnection.headerComplete(AbstractHttpConnection.java:920) [jetty-webapp-7.6.8.v20121106.jar:7.6.8.v20121106]
	at org.eclipse.jetty.server.AbstractHttpConnection$RequestHandler.headerComplete(AbstractHttpConnection.java:982) [jetty-webapp-7.6.8.v20121106.jar:7.6.8.v20121106]
	at org.eclipse.jetty.http.HttpParser.parseNext(HttpParser.java:635) [jetty-http-8.1.7.v20120910.jar:8.1.7.v20120910]
	at org.eclipse.jetty.http.HttpParser.parseAvailable(HttpParser.java:235) [jetty-http-8.1.7.v20120910.jar:8.1.7.v20120910]
	at org.eclipse.jetty.server.AsyncHttpConnection.handle(AsyncHttpConnection.java:82) [jetty-webapp-7.6.8.v20121106.jar:7.6.8.v20121106]
	at org.eclipse.jetty.io.nio.SelectChannelEndPoint.handle(SelectChannelEndPoint.java:627) [jetty-io-8.1.7.v20120910.jar:8.1.7.v20120910]
	at org.eclipse.jetty.io.nio.SelectChannelEndPoint$1.run(SelectChannelEndPoint.java:51) [jetty-io-8.1.7.v20120910.jar:8.1.7.v20120910]
	at org.eclipse.jetty.util.thread.QueuedThreadPool.runJob(QueuedThreadPool.java:608) [jetty-util-8.1.7.v20120910.jar:8.1.7.v20120910]
	at org.eclipse.jetty.util.thread.QueuedThreadPool$3.run(QueuedThreadPool.java:543) [jetty-util-8.1.7.v20120910.jar:8.1.7.v20120910]
	at java.lang.Thread.run(Unknown Source) [na:1.6.0_10-rc2]
22:31:40.649 [qtp16250176-16] WARN  o.e.jetty.servlet.ServletHandler - /quickstart/login
org.apache.jasper.JasperException: java.err.nojdk
	at org.apache.jasper.compiler.DefaultErrorHandler.jspError(DefaultErrorHandler.java:89) ~[org.apache.jasper.glassfish-2.1.0.v201110031002.jar:na]
	at org.apache.jasper.compiler.ErrorDispatcher.dispatch(ErrorDispatcher.java:375) ~[org.apache.jasper.glassfish-2.1.0.v201110031002.jar:na]
	at org.apache.jasper.compiler.ErrorDispatcher.jspError(ErrorDispatcher.java:116) ~[org.apache.jasper.glassfish-2.1.0.v201110031002.jar:na]
	at org.apache.jasper.compiler.Jsr199JavaCompiler.compile(Jsr199JavaCompiler.java:198) ~[org.apache.jasper.glassfish-2.1.0.v201110031002.jar:na]
	at org.apache.jasper.compiler.Compiler.generateClass(Compiler.java:364) ~[org.apache.jasper.glassfish-2.1.0.v201110031002.jar:na]
	at org.apache.jasper.compiler.Compiler.compile(Compiler.java:433) ~[org.apache.jasper.glassfish-2.1.0.v201110031002.jar:na]
	at org.apache.jasper.JspCompilationContext.compile(JspCompilationContext.java:608) ~[org.apache.jasper.glassfish-2.1.0.v201110031002.jar:na]
	at org.apache.jasper.servlet.JspServletWrapper.service(JspServletWrapper.java:374) ~[org.apache.jasper.glassfish-2.1.0.v201110031002.jar:na]
	at org.apache.jasper.servlet.JspServlet.serviceJspFile(JspServlet.java:476) ~[org.apache.jasper.glassfish-2.1.0.v201110031002.jar:na]
	at org.apache.jasper.servlet.JspServlet.service(JspServlet.java:366) ~[org.apache.jasper.glassfish-2.1.0.v201110031002.jar:na]
	at javax.servlet.http.HttpServlet.service(HttpServlet.java:820) ~[servlet-api-2.5.jar:2.5]
	at org.eclipse.jetty.servlet.ServletHolder.handle(ServletHolder.java:652) ~[jetty-webapp-7.6.8.v20121106.jar:7.6.8.v20121106]
	at org.eclipse.jetty.servlet.ServletHandler.doHandle(ServletHandler.java:447) [jetty-webapp-7.6.8.v20121106.jar:7.6.8.v20121106]
	at org.eclipse.jetty.server.handler.ScopedHandler.handle(ScopedHandler.java:137) [jetty-webapp-7.6.8.v20121106.jar:7.6.8.v20121106]
	at org.eclipse.jetty.security.SecurityHandler.handle(SecurityHandler.java:574) [jetty-webapp-7.6.8.v20121106.jar:7.6.8.v20121106]
	at org.eclipse.jetty.server.session.SessionHandler.doHandle(SessionHandler.java:227) [jetty-webapp-7.6.8.v20121106.jar:7.6.8.v20121106]
	at org.eclipse.jetty.server.handler.ContextHandler.doHandle(ContextHandler.java:1038) [jetty-webapp-7.6.8.v20121106.jar:7.6.8.v20121106]
	at org.eclipse.jetty.servlet.ServletHandler.doScope(ServletHandler.java:374) [jetty-webapp-7.6.8.v20121106.jar:7.6.8.v20121106]
	at org.eclipse.jetty.server.session.SessionHandler.doScope(SessionHandler.java:189) [jetty-webapp-7.6.8.v20121106.jar:7.6.8.v20121106]
	at org.eclipse.jetty.server.handler.ContextHandler.doScope(ContextHandler.java:972) [jetty-webapp-7.6.8.v20121106.jar:7.6.8.v20121106]
	at org.eclipse.jetty.server.handler.ScopedHandler.handle(ScopedHandler.java:135) [jetty-webapp-7.6.8.v20121106.jar:7.6.8.v20121106]
	at org.eclipse.jetty.server.Dispatcher.forward(Dispatcher.java:293) ~[jetty-webapp-7.6.8.v20121106.jar:7.6.8.v20121106]
	at org.eclipse.jetty.server.Dispatcher.forward(Dispatcher.java:120) ~[jetty-webapp-7.6.8.v20121106.jar:7.6.8.v20121106]
	at org.springframework.web.servlet.view.InternalResourceView.renderMergedOutputModel(InternalResourceView.java:238) ~[spring-webmvc-3.2.0.RELEASE.jar:3.2.0.RELEASE]
	at org.springframework.web.servlet.view.AbstractView.render(AbstractView.java:264) ~[spring-webmvc-3.2.0.RELEASE.jar:3.2.0.RELEASE]
	at org.springframework.web.servlet.DispatcherServlet.render(DispatcherServlet.java:1208) ~[spring-webmvc-3.2.0.RELEASE.jar:3.2.0.RELEASE]
	at org.springframework.web.servlet.DispatcherServlet.processDispatchResult(DispatcherServlet.java:992) ~[spring-webmvc-3.2.0.RELEASE.jar:3.2.0.RELEASE]
	at org.springframework.web.servlet.DispatcherServlet.doDispatch(DispatcherServlet.java:939) ~[spring-webmvc-3.2.0.RELEASE.jar:3.2.0.RELEASE]
	at org.springframework.web.servlet.DispatcherServlet.doService(DispatcherServlet.java:856) ~[spring-webmvc-3.2.0.RELEASE.jar:3.2.0.RELEASE]
	at org.springframework.web.servlet.FrameworkServlet.processRequest(FrameworkServlet.java:915) ~[spring-webmvc-3.2.0.RELEASE.jar:3.2.0.RELEASE]
	at org.springframework.web.servlet.FrameworkServlet.doGet(FrameworkServlet.java:811) ~[spring-webmvc-3.2.0.RELEASE.jar:3.2.0.RELEASE]
	at javax.servlet.http.HttpServlet.service(HttpServlet.java:707) ~[servlet-api-2.5.jar:2.5]
	at org.springframework.web.servlet.FrameworkServlet.service(FrameworkServlet.java:796) ~[spring-webmvc-3.2.0.RELEASE.jar:3.2.0.RELEASE]
	at javax.servlet.http.HttpServlet.service(HttpServlet.java:820) ~[servlet-api-2.5.jar:2.5]
	at org.eclipse.jetty.servlet.ServletHolder.handle(ServletHolder.java:652) ~[jetty-webapp-7.6.8.v20121106.jar:7.6.8.v20121106]
	at org.eclipse.jetty.servlet.ServletHandler$CachedChain.doFilter(ServletHandler.java:1329) ~[jetty-webapp-7.6.8.v20121106.jar:7.6.8.v20121106]
	at com.opensymphony.sitemesh.webapp.SiteMeshFilter.obtainContent(SiteMeshFilter.java:129) ~[sitemesh-2.4.2.jar:na]
	at com.opensymphony.sitemesh.webapp.SiteMeshFilter.doFilter(SiteMeshFilter.java:77) ~[sitemesh-2.4.2.jar:na]
	at org.eclipse.jetty.servlet.ServletHandler$CachedChain.doFilter(ServletHandler.java:1300) ~[jetty-webapp-7.6.8.v20121106.jar:7.6.8.v20121106]
	at org.apache.shiro.web.servlet.ProxiedFilterChain.doFilter(ProxiedFilterChain.java:61) ~[shiro-web-1.2.1.jar:1.2.1]
	at org.apache.shiro.web.servlet.AdviceFilter.executeChain(AdviceFilter.java:108) ~[shiro-web-1.2.1.jar:1.2.1]
	at org.apache.shiro.web.servlet.AdviceFilter.doFilterInternal(AdviceFilter.java:137) ~[shiro-web-1.2.1.jar:1.2.1]
	at org.apache.shiro.web.servlet.OncePerRequestFilter.doFilter(OncePerRequestFilter.java:125) ~[shiro-web-1.2.1.jar:1.2.1]
	at org.apache.shiro.web.servlet.ProxiedFilterChain.doFilter(ProxiedFilterChain.java:66) ~[shiro-web-1.2.1.jar:1.2.1]
	at org.apache.shiro.web.servlet.AbstractShiroFilter.executeChain(AbstractShiroFilter.java:449) ~[shiro-web-1.2.1.jar:1.2.1]
	at org.apache.shiro.web.servlet.AbstractShiroFilter$1.call(AbstractShiroFilter.java:365) ~[shiro-web-1.2.1.jar:1.2.1]
	at org.apache.shiro.subject.support.SubjectCallable.doCall(SubjectCallable.java:90) ~[shiro-core-1.2.1.jar:1.2.1]
	at org.apache.shiro.subject.support.SubjectCallable.call(SubjectCallable.java:83) ~[shiro-core-1.2.1.jar:1.2.1]
	at org.apache.shiro.subject.support.DelegatingSubject.execute(DelegatingSubject.java:383) ~[shiro-core-1.2.1.jar:1.2.1]
	at org.apache.shiro.web.servlet.AbstractShiroFilter.doFilterInternal(AbstractShiroFilter.java:362) ~[shiro-web-1.2.1.jar:1.2.1]
	at org.apache.shiro.web.servlet.OncePerRequestFilter.doFilter(OncePerRequestFilter.java:125) ~[shiro-web-1.2.1.jar:1.2.1]
	at org.springframework.web.filter.DelegatingFilterProxy.invokeDelegate(DelegatingFilterProxy.java:346) ~[spring-web-3.2.0.RELEASE.jar:3.2.0.RELEASE]
	at org.springframework.web.filter.DelegatingFilterProxy.doFilter(DelegatingFilterProxy.java:259) ~[spring-web-3.2.0.RELEASE.jar:3.2.0.RELEASE]
	at org.eclipse.jetty.servlet.ServletHandler$CachedChain.doFilter(ServletHandler.java:1300) ~[jetty-webapp-7.6.8.v20121106.jar:7.6.8.v20121106]
	at org.springframework.orm.jpa.support.OpenEntityManagerInViewFilter.doFilterInternal(OpenEntityManagerInViewFilter.java:180) ~[spring-orm-3.2.0.RELEASE.jar:3.2.0.RELEASE]
	at org.springframework.web.filter.OncePerRequestFilter.doFilter(OncePerRequestFilter.java:107) ~[spring-web-3.2.0.RELEASE.jar:3.2.0.RELEASE]
	at org.eclipse.jetty.servlet.ServletHandler$CachedChain.doFilter(ServletHandler.java:1300) ~[jetty-webapp-7.6.8.v20121106.jar:7.6.8.v20121106]
	at org.springframework.web.filter.CharacterEncodingFilter.doFilterInternal(CharacterEncodingFilter.java:88) ~[spring-web-3.2.0.RELEASE.jar:3.2.0.RELEASE]
	at org.springframework.web.filter.OncePerRequestFilter.doFilter(OncePerRequestFilter.java:107) ~[spring-web-3.2.0.RELEASE.jar:3.2.0.RELEASE]
	at org.eclipse.jetty.servlet.ServletHandler$CachedChain.doFilter(ServletHandler.java:1300) ~[jetty-webapp-7.6.8.v20121106.jar:7.6.8.v20121106]
	at org.eclipse.jetty.servlet.ServletHandler.doHandle(ServletHandler.java:445) [jetty-webapp-7.6.8.v20121106.jar:7.6.8.v20121106]
	at org.eclipse.jetty.server.handler.ScopedHandler.handle(ScopedHandler.java:137) [jetty-webapp-7.6.8.v20121106.jar:7.6.8.v20121106]
	at org.eclipse.jetty.security.SecurityHandler.handle(SecurityHandler.java:556) [jetty-webapp-7.6.8.v20121106.jar:7.6.8.v20121106]
	at org.eclipse.jetty.server.session.SessionHandler.doHandle(SessionHandler.java:227) [jetty-webapp-7.6.8.v20121106.jar:7.6.8.v20121106]
	at org.eclipse.jetty.server.handler.ContextHandler.doHandle(ContextHandler.java:1038) [jetty-webapp-7.6.8.v20121106.jar:7.6.8.v20121106]
	at org.eclipse.jetty.servlet.ServletHandler.doScope(ServletHandler.java:374) [jetty-webapp-7.6.8.v20121106.jar:7.6.8.v20121106]
	at org.eclipse.jetty.server.session.SessionHandler.doScope(SessionHandler.java:189) [jetty-webapp-7.6.8.v20121106.jar:7.6.8.v20121106]
	at org.eclipse.jetty.server.handler.ContextHandler.doScope(ContextHandler.java:972) [jetty-webapp-7.6.8.v20121106.jar:7.6.8.v20121106]
	at org.eclipse.jetty.server.handler.ScopedHandler.handle(ScopedHandler.java:135) [jetty-webapp-7.6.8.v20121106.jar:7.6.8.v20121106]
	at org.eclipse.jetty.server.handler.HandlerWrapper.handle(HandlerWrapper.java:116) [jetty-webapp-7.6.8.v20121106.jar:7.6.8.v20121106]
	at org.eclipse.jetty.server.Server.handle(Server.java:363) [jetty-webapp-7.6.8.v20121106.jar:7.6.8.v20121106]
	at org.eclipse.jetty.server.AbstractHttpConnection.handleRequest(AbstractHttpConnection.java:483) [jetty-webapp-7.6.8.v20121106.jar:7.6.8.v20121106]
	at org.eclipse.jetty.server.AbstractHttpConnection.headerComplete(AbstractHttpConnection.java:920) [jetty-webapp-7.6.8.v20121106.jar:7.6.8.v20121106]
	at org.eclipse.jetty.server.AbstractHttpConnection$RequestHandler.headerComplete(AbstractHttpConnection.java:982) [jetty-webapp-7.6.8.v20121106.jar:7.6.8.v20121106]
	at org.eclipse.jetty.http.HttpParser.parseNext(HttpParser.java:635) [jetty-http-8.1.7.v20120910.jar:8.1.7.v20120910]
	at org.eclipse.jetty.http.HttpParser.parseAvailable(HttpParser.java:235) [jetty-http-8.1.7.v20120910.jar:8.1.7.v20120910]
	at org.eclipse.jetty.server.AsyncHttpConnection.handle(AsyncHttpConnection.java:82) [jetty-webapp-7.6.8.v20121106.jar:7.6.8.v20121106]
	at org.eclipse.jetty.io.nio.SelectChannelEndPoint.handle(SelectChannelEndPoint.java:627) [jetty-io-8.1.7.v20120910.jar:8.1.7.v20120910]
	at org.eclipse.jetty.io.nio.SelectChannelEndPoint$1.run(SelectChannelEndPoint.java:51) [jetty-io-8.1.7.v20120910.jar:8.1.7.v20120910]
	at org.eclipse.jetty.util.thread.QueuedThreadPool.runJob(QueuedThreadPool.java:608) [jetty-util-8.1.7.v20120910.jar:8.1.7.v20120910]
	at org.eclipse.jetty.util.thread.QueuedThreadPool$3.run(QueuedThreadPool.java:543) [jetty-util-8.1.7.v20120910.jar:8.1.7.v20120910]
	at java.lang.Thread.run(Unknown Source) [na:1.6.0_10-rc2]
22:31:40.671 [qtp16250176-16] WARN  o.e.j.servlet.ErrorPageErrorHandler - EXCEPTION 
org.apache.jasper.JasperException: java.err.nojdk
	at org.apache.jasper.compiler.DefaultErrorHandler.jspError(DefaultErrorHandler.java:89) ~[org.apache.jasper.glassfish-2.1.0.v201110031002.jar:na]
	at org.apache.jasper.compiler.ErrorDispatcher.dispatch(ErrorDispatcher.java:375) ~[org.apache.jasper.glassfish-2.1.0.v201110031002.jar:na]
	at org.apache.jasper.compiler.ErrorDispatcher.jspError(ErrorDispatcher.java:116) ~[org.apache.jasper.glassfish-2.1.0.v201110031002.jar:na]
	at org.apache.jasper.compiler.Jsr199JavaCompiler.compile(Jsr199JavaCompiler.java:198) ~[org.apache.jasper.glassfish-2.1.0.v201110031002.jar:na]
	at org.apache.jasper.compiler.Compiler.generateClass(Compiler.java:364) ~[org.apache.jasper.glassfish-2.1.0.v201110031002.jar:na]
	at org.apache.jasper.compiler.Compiler.compile(Compiler.java:433) ~[org.apache.jasper.glassfish-2.1.0.v201110031002.jar:na]
	at org.apache.jasper.JspCompilationContext.compile(JspCompilationContext.java:608) ~[org.apache.jasper.glassfish-2.1.0.v201110031002.jar:na]
	at org.apache.jasper.servlet.JspServletWrapper.service(JspServletWrapper.java:374) ~[org.apache.jasper.glassfish-2.1.0.v201110031002.jar:na]
	at org.apache.jasper.servlet.JspServlet.serviceJspFile(JspServlet.java:476) ~[org.apache.jasper.glassfish-2.1.0.v201110031002.jar:na]
	at org.apache.jasper.servlet.JspServlet.service(JspServlet.java:366) ~[org.apache.jasper.glassfish-2.1.0.v201110031002.jar:na]
	at javax.servlet.http.HttpServlet.service(HttpServlet.java:820) ~[servlet-api-2.5.jar:2.5]
	at org.eclipse.jetty.servlet.ServletHolder.handle(ServletHolder.java:652) ~[jetty-webapp-7.6.8.v20121106.jar:7.6.8.v20121106]
	at org.eclipse.jetty.servlet.ServletHandler.doHandle(ServletHandler.java:447) [jetty-webapp-7.6.8.v20121106.jar:7.6.8.v20121106]
	at org.eclipse.jetty.server.handler.ScopedHandler.handle(ScopedHandler.java:137) [jetty-webapp-7.6.8.v20121106.jar:7.6.8.v20121106]
	at org.eclipse.jetty.security.SecurityHandler.handle(SecurityHandler.java:574) [jetty-webapp-7.6.8.v20121106.jar:7.6.8.v20121106]
	at org.eclipse.jetty.server.session.SessionHandler.doHandle(SessionHandler.java:227) [jetty-webapp-7.6.8.v20121106.jar:7.6.8.v20121106]
	at org.eclipse.jetty.server.handler.ContextHandler.doHandle(ContextHandler.java:1038) [jetty-webapp-7.6.8.v20121106.jar:7.6.8.v20121106]
	at org.eclipse.jetty.servlet.ServletHandler.doScope(ServletHandler.java:374) [jetty-webapp-7.6.8.v20121106.jar:7.6.8.v20121106]
	at org.eclipse.jetty.server.session.SessionHandler.doScope(SessionHandler.java:189) [jetty-webapp-7.6.8.v20121106.jar:7.6.8.v20121106]
	at org.eclipse.jetty.server.handler.ContextHandler.doScope(ContextHandler.java:972) [jetty-webapp-7.6.8.v20121106.jar:7.6.8.v20121106]
	at org.eclipse.jetty.server.handler.ScopedHandler.handle(ScopedHandler.java:135) [jetty-webapp-7.6.8.v20121106.jar:7.6.8.v20121106]
	at org.eclipse.jetty.server.Dispatcher.forward(Dispatcher.java:293) ~[jetty-webapp-7.6.8.v20121106.jar:7.6.8.v20121106]
	at org.eclipse.jetty.server.Dispatcher.error(Dispatcher.java:129) ~[jetty-webapp-7.6.8.v20121106.jar:7.6.8.v20121106]
	at org.eclipse.jetty.servlet.ErrorPageErrorHandler.handle(ErrorPageErrorHandler.java:143) ~[jetty-webapp-7.6.8.v20121106.jar:7.6.8.v20121106]
	at org.eclipse.jetty.server.Response.sendError(Response.java:347) [jetty-webapp-7.6.8.v20121106.jar:7.6.8.v20121106]
	at org.eclipse.jetty.servlet.ServletHandler.doHandle(ServletHandler.java:530) [jetty-webapp-7.6.8.v20121106.jar:7.6.8.v20121106]
	at org.eclipse.jetty.server.handler.ScopedHandler.handle(ScopedHandler.java:137) [jetty-webapp-7.6.8.v20121106.jar:7.6.8.v20121106]
	at org.eclipse.jetty.security.SecurityHandler.handle(SecurityHandler.java:556) [jetty-webapp-7.6.8.v20121106.jar:7.6.8.v20121106]
	at org.eclipse.jetty.server.session.SessionHandler.doHandle(SessionHandler.java:227) [jetty-webapp-7.6.8.v20121106.jar:7.6.8.v20121106]
	at org.eclipse.jetty.server.handler.ContextHandler.doHandle(ContextHandler.java:1038) [jetty-webapp-7.6.8.v20121106.jar:7.6.8.v20121106]
	at org.eclipse.jetty.servlet.ServletHandler.doScope(ServletHandler.java:374) [jetty-webapp-7.6.8.v20121106.jar:7.6.8.v20121106]
	at org.eclipse.jetty.server.session.SessionHandler.doScope(SessionHandler.java:189) [jetty-webapp-7.6.8.v20121106.jar:7.6.8.v20121106]
	at org.eclipse.jetty.server.handler.ContextHandler.doScope(ContextHandler.java:972) [jetty-webapp-7.6.8.v20121106.jar:7.6.8.v20121106]
	at org.eclipse.jetty.server.handler.ScopedHandler.handle(ScopedHandler.java:135) [jetty-webapp-7.6.8.v20121106.jar:7.6.8.v20121106]
	at org.eclipse.jetty.server.handler.HandlerWrapper.handle(HandlerWrapper.java:116) [jetty-webapp-7.6.8.v20121106.jar:7.6.8.v20121106]
	at org.eclipse.jetty.server.Server.handle(Server.java:363) [jetty-webapp-7.6.8.v20121106.jar:7.6.8.v20121106]
	at org.eclipse.jetty.server.AbstractHttpConnection.handleRequest(AbstractHttpConnection.java:483) [jetty-webapp-7.6.8.v20121106.jar:7.6.8.v20121106]
	at org.eclipse.jetty.server.AbstractHttpConnection.headerComplete(AbstractHttpConnection.java:920) [jetty-webapp-7.6.8.v20121106.jar:7.6.8.v20121106]
	at org.eclipse.jetty.server.AbstractHttpConnection$RequestHandler.headerComplete(AbstractHttpConnection.java:982) [jetty-webapp-7.6.8.v20121106.jar:7.6.8.v20121106]
	at org.eclipse.jetty.http.HttpParser.parseNext(HttpParser.java:635) [jetty-http-8.1.7.v20120910.jar:8.1.7.v20120910]
	at org.eclipse.jetty.http.HttpParser.parseAvailable(HttpParser.java:235) [jetty-http-8.1.7.v20120910.jar:8.1.7.v20120910]
	at org.eclipse.jetty.server.AsyncHttpConnection.handle(AsyncHttpConnection.java:82) [jetty-webapp-7.6.8.v20121106.jar:7.6.8.v20121106]
	at org.eclipse.jetty.io.nio.SelectChannelEndPoint.handle(SelectChannelEndPoint.java:627) [jetty-io-8.1.7.v20120910.jar:8.1.7.v20120910]
	at org.eclipse.jetty.io.nio.SelectChannelEndPoint$1.run(SelectChannelEndPoint.java:51) [jetty-io-8.1.7.v20120910.jar:8.1.7.v20120910]
	at org.eclipse.jetty.util.thread.QueuedThreadPool.runJob(QueuedThreadPool.java:608) [jetty-util-8.1.7.v20120910.jar:8.1.7.v20120910]
	at org.eclipse.jetty.util.thread.QueuedThreadPool$3.run(QueuedThreadPool.java:543) [jetty-util-8.1.7.v20120910.jar:8.1.7.v20120910]
	at java.lang.Thread.run(Unknown Source) [na:1.6.0_10-rc2]
22:31:53.456 [qtp16250176-16] WARN  o.e.jetty.servlet.ServletHandler - /quickstart/login
org.apache.jasper.JasperException: java.err.nojdk
	at org.apache.jasper.compiler.DefaultErrorHandler.jspError(DefaultErrorHandler.java:89) ~[org.apache.jasper.glassfish-2.1.0.v201110031002.jar:na]
	at org.apache.jasper.compiler.ErrorDispatcher.dispatch(ErrorDispatcher.java:375) ~[org.apache.jasper.glassfish-2.1.0.v201110031002.jar:na]
	at org.apache.jasper.compiler.ErrorDispatcher.jspError(ErrorDispatcher.java:116) ~[org.apache.jasper.glassfish-2.1.0.v201110031002.jar:na]
	at org.apache.jasper.compiler.Jsr199JavaCompiler.compile(Jsr199JavaCompiler.java:198) ~[org.apache.jasper.glassfish-2.1.0.v201110031002.jar:na]
	at org.apache.jasper.compiler.Compiler.generateClass(Compiler.java:364) ~[org.apache.jasper.glassfish-2.1.0.v201110031002.jar:na]
	at org.apache.jasper.compiler.Compiler.compile(Compiler.java:433) ~[org.apache.jasper.glassfish-2.1.0.v201110031002.jar:na]
	at org.apache.jasper.JspCompilationContext.compile(JspCompilationContext.java:608) ~[org.apache.jasper.glassfish-2.1.0.v201110031002.jar:na]
	at org.apache.jasper.servlet.JspServletWrapper.service(JspServletWrapper.java:374) ~[org.apache.jasper.glassfish-2.1.0.v201110031002.jar:na]
	at org.apache.jasper.servlet.JspServlet.serviceJspFile(JspServlet.java:476) ~[org.apache.jasper.glassfish-2.1.0.v201110031002.jar:na]
	at org.apache.jasper.servlet.JspServlet.service(JspServlet.java:366) ~[org.apache.jasper.glassfish-2.1.0.v201110031002.jar:na]
	at javax.servlet.http.HttpServlet.service(HttpServlet.java:820) ~[servlet-api-2.5.jar:2.5]
	at org.eclipse.jetty.servlet.ServletHolder.handle(ServletHolder.java:652) ~[jetty-webapp-7.6.8.v20121106.jar:7.6.8.v20121106]
	at org.eclipse.jetty.servlet.ServletHandler.doHandle(ServletHandler.java:447) [jetty-webapp-7.6.8.v20121106.jar:7.6.8.v20121106]
	at org.eclipse.jetty.server.handler.ScopedHandler.handle(ScopedHandler.java:137) [jetty-webapp-7.6.8.v20121106.jar:7.6.8.v20121106]
	at org.eclipse.jetty.security.SecurityHandler.handle(SecurityHandler.java:574) [jetty-webapp-7.6.8.v20121106.jar:7.6.8.v20121106]
	at org.eclipse.jetty.server.session.SessionHandler.doHandle(SessionHandler.java:227) [jetty-webapp-7.6.8.v20121106.jar:7.6.8.v20121106]
	at org.eclipse.jetty.server.handler.ContextHandler.doHandle(ContextHandler.java:1038) [jetty-webapp-7.6.8.v20121106.jar:7.6.8.v20121106]
	at org.eclipse.jetty.servlet.ServletHandler.doScope(ServletHandler.java:374) [jetty-webapp-7.6.8.v20121106.jar:7.6.8.v20121106]
	at org.eclipse.jetty.server.session.SessionHandler.doScope(SessionHandler.java:189) [jetty-webapp-7.6.8.v20121106.jar:7.6.8.v20121106]
	at org.eclipse.jetty.server.handler.ContextHandler.doScope(ContextHandler.java:972) [jetty-webapp-7.6.8.v20121106.jar:7.6.8.v20121106]
	at org.eclipse.jetty.server.handler.ScopedHandler.handle(ScopedHandler.java:135) [jetty-webapp-7.6.8.v20121106.jar:7.6.8.v20121106]
	at org.eclipse.jetty.server.Dispatcher.forward(Dispatcher.java:293) ~[jetty-webapp-7.6.8.v20121106.jar:7.6.8.v20121106]
	at org.eclipse.jetty.server.Dispatcher.forward(Dispatcher.java:120) ~[jetty-webapp-7.6.8.v20121106.jar:7.6.8.v20121106]
	at org.springframework.web.servlet.view.InternalResourceView.renderMergedOutputModel(InternalResourceView.java:238) ~[spring-webmvc-3.2.0.RELEASE.jar:3.2.0.RELEASE]
	at org.springframework.web.servlet.view.AbstractView.render(AbstractView.java:264) ~[spring-webmvc-3.2.0.RELEASE.jar:3.2.0.RELEASE]
	at org.springframework.web.servlet.DispatcherServlet.render(DispatcherServlet.java:1208) ~[spring-webmvc-3.2.0.RELEASE.jar:3.2.0.RELEASE]
	at org.springframework.web.servlet.DispatcherServlet.processDispatchResult(DispatcherServlet.java:992) ~[spring-webmvc-3.2.0.RELEASE.jar:3.2.0.RELEASE]
	at org.springframework.web.servlet.DispatcherServlet.doDispatch(DispatcherServlet.java:939) ~[spring-webmvc-3.2.0.RELEASE.jar:3.2.0.RELEASE]
	at org.springframework.web.servlet.DispatcherServlet.doService(DispatcherServlet.java:856) ~[spring-webmvc-3.2.0.RELEASE.jar:3.2.0.RELEASE]
	at org.springframework.web.servlet.FrameworkServlet.processRequest(FrameworkServlet.java:915) ~[spring-webmvc-3.2.0.RELEASE.jar:3.2.0.RELEASE]
	at org.springframework.web.servlet.FrameworkServlet.doGet(FrameworkServlet.java:811) ~[spring-webmvc-3.2.0.RELEASE.jar:3.2.0.RELEASE]
	at javax.servlet.http.HttpServlet.service(HttpServlet.java:707) ~[servlet-api-2.5.jar:2.5]
	at org.springframework.web.servlet.FrameworkServlet.service(FrameworkServlet.java:796) ~[spring-webmvc-3.2.0.RELEASE.jar:3.2.0.RELEASE]
	at javax.servlet.http.HttpServlet.service(HttpServlet.java:820) ~[servlet-api-2.5.jar:2.5]
	at org.eclipse.jetty.servlet.ServletHolder.handle(ServletHolder.java:652) ~[jetty-webapp-7.6.8.v20121106.jar:7.6.8.v20121106]
	at org.eclipse.jetty.servlet.ServletHandler$CachedChain.doFilter(ServletHandler.java:1329) ~[jetty-webapp-7.6.8.v20121106.jar:7.6.8.v20121106]
	at com.opensymphony.sitemesh.webapp.SiteMeshFilter.obtainContent(SiteMeshFilter.java:129) ~[sitemesh-2.4.2.jar:na]
	at com.opensymphony.sitemesh.webapp.SiteMeshFilter.doFilter(SiteMeshFilter.java:77) ~[sitemesh-2.4.2.jar:na]
	at org.eclipse.jetty.servlet.ServletHandler$CachedChain.doFilter(ServletHandler.java:1300) ~[jetty-webapp-7.6.8.v20121106.jar:7.6.8.v20121106]
	at org.apache.shiro.web.servlet.ProxiedFilterChain.doFilter(ProxiedFilterChain.java:61) ~[shiro-web-1.2.1.jar:1.2.1]
	at org.apache.shiro.web.servlet.AdviceFilter.executeChain(AdviceFilter.java:108) ~[shiro-web-1.2.1.jar:1.2.1]
	at org.apache.shiro.web.servlet.AdviceFilter.doFilterInternal(AdviceFilter.java:137) ~[shiro-web-1.2.1.jar:1.2.1]
	at org.apache.shiro.web.servlet.OncePerRequestFilter.doFilter(OncePerRequestFilter.java:125) ~[shiro-web-1.2.1.jar:1.2.1]
	at org.apache.shiro.web.servlet.ProxiedFilterChain.doFilter(ProxiedFilterChain.java:66) ~[shiro-web-1.2.1.jar:1.2.1]
	at org.apache.shiro.web.servlet.AbstractShiroFilter.executeChain(AbstractShiroFilter.java:449) ~[shiro-web-1.2.1.jar:1.2.1]
	at org.apache.shiro.web.servlet.AbstractShiroFilter$1.call(AbstractShiroFilter.java:365) ~[shiro-web-1.2.1.jar:1.2.1]
	at org.apache.shiro.subject.support.SubjectCallable.doCall(SubjectCallable.java:90) ~[shiro-core-1.2.1.jar:1.2.1]
	at org.apache.shiro.subject.support.SubjectCallable.call(SubjectCallable.java:83) ~[shiro-core-1.2.1.jar:1.2.1]
	at org.apache.shiro.subject.support.DelegatingSubject.execute(DelegatingSubject.java:383) ~[shiro-core-1.2.1.jar:1.2.1]
	at org.apache.shiro.web.servlet.AbstractShiroFilter.doFilterInternal(AbstractShiroFilter.java:362) ~[shiro-web-1.2.1.jar:1.2.1]
	at org.apache.shiro.web.servlet.OncePerRequestFilter.doFilter(OncePerRequestFilter.java:125) ~[shiro-web-1.2.1.jar:1.2.1]
	at org.springframework.web.filter.DelegatingFilterProxy.invokeDelegate(DelegatingFilterProxy.java:346) ~[spring-web-3.2.0.RELEASE.jar:3.2.0.RELEASE]
	at org.springframework.web.filter.DelegatingFilterProxy.doFilter(DelegatingFilterProxy.java:259) ~[spring-web-3.2.0.RELEASE.jar:3.2.0.RELEASE]
	at org.eclipse.jetty.servlet.ServletHandler$CachedChain.doFilter(ServletHandler.java:1300) ~[jetty-webapp-7.6.8.v20121106.jar:7.6.8.v20121106]
	at org.springframework.orm.jpa.support.OpenEntityManagerInViewFilter.doFilterInternal(OpenEntityManagerInViewFilter.java:180) ~[spring-orm-3.2.0.RELEASE.jar:3.2.0.RELEASE]
	at org.springframework.web.filter.OncePerRequestFilter.doFilter(OncePerRequestFilter.java:107) ~[spring-web-3.2.0.RELEASE.jar:3.2.0.RELEASE]
	at org.eclipse.jetty.servlet.ServletHandler$CachedChain.doFilter(ServletHandler.java:1300) ~[jetty-webapp-7.6.8.v20121106.jar:7.6.8.v20121106]
	at org.springframework.web.filter.CharacterEncodingFilter.doFilterInternal(CharacterEncodingFilter.java:88) ~[spring-web-3.2.0.RELEASE.jar:3.2.0.RELEASE]
	at org.springframework.web.filter.OncePerRequestFilter.doFilter(OncePerRequestFilter.java:107) ~[spring-web-3.2.0.RELEASE.jar:3.2.0.RELEASE]
	at org.eclipse.jetty.servlet.ServletHandler$CachedChain.doFilter(ServletHandler.java:1300) ~[jetty-webapp-7.6.8.v20121106.jar:7.6.8.v20121106]
	at org.eclipse.jetty.servlet.ServletHandler.doHandle(ServletHandler.java:445) [jetty-webapp-7.6.8.v20121106.jar:7.6.8.v20121106]
	at org.eclipse.jetty.server.handler.ScopedHandler.handle(ScopedHandler.java:137) [jetty-webapp-7.6.8.v20121106.jar:7.6.8.v20121106]
	at org.eclipse.jetty.security.SecurityHandler.handle(SecurityHandler.java:556) [jetty-webapp-7.6.8.v20121106.jar:7.6.8.v20121106]
	at org.eclipse.jetty.server.session.SessionHandler.doHandle(SessionHandler.java:227) [jetty-webapp-7.6.8.v20121106.jar:7.6.8.v20121106]
	at org.eclipse.jetty.server.handler.ContextHandler.doHandle(ContextHandler.java:1038) [jetty-webapp-7.6.8.v20121106.jar:7.6.8.v20121106]
	at org.eclipse.jetty.servlet.ServletHandler.doScope(ServletHandler.java:374) [jetty-webapp-7.6.8.v20121106.jar:7.6.8.v20121106]
	at org.eclipse.jetty.server.session.SessionHandler.doScope(SessionHandler.java:189) [jetty-webapp-7.6.8.v20121106.jar:7.6.8.v20121106]
	at org.eclipse.jetty.server.handler.ContextHandler.doScope(ContextHandler.java:972) [jetty-webapp-7.6.8.v20121106.jar:7.6.8.v20121106]
	at org.eclipse.jetty.server.handler.ScopedHandler.handle(ScopedHandler.java:135) [jetty-webapp-7.6.8.v20121106.jar:7.6.8.v20121106]
	at org.eclipse.jetty.server.handler.HandlerWrapper.handle(HandlerWrapper.java:116) [jetty-webapp-7.6.8.v20121106.jar:7.6.8.v20121106]
	at org.eclipse.jetty.server.Server.handle(Server.java:363) [jetty-webapp-7.6.8.v20121106.jar:7.6.8.v20121106]
	at org.eclipse.jetty.server.AbstractHttpConnection.handleRequest(AbstractHttpConnection.java:483) [jetty-webapp-7.6.8.v20121106.jar:7.6.8.v20121106]
	at org.eclipse.jetty.server.AbstractHttpConnection.headerComplete(AbstractHttpConnection.java:920) [jetty-webapp-7.6.8.v20121106.jar:7.6.8.v20121106]
	at org.eclipse.jetty.server.AbstractHttpConnection$RequestHandler.headerComplete(AbstractHttpConnection.java:982) [jetty-webapp-7.6.8.v20121106.jar:7.6.8.v20121106]
	at org.eclipse.jetty.http.HttpParser.parseNext(HttpParser.java:635) [jetty-http-8.1.7.v20120910.jar:8.1.7.v20120910]
	at org.eclipse.jetty.http.HttpParser.parseAvailable(HttpParser.java:235) [jetty-http-8.1.7.v20120910.jar:8.1.7.v20120910]
	at org.eclipse.jetty.server.AsyncHttpConnection.handle(AsyncHttpConnection.java:82) [jetty-webapp-7.6.8.v20121106.jar:7.6.8.v20121106]
	at org.eclipse.jetty.io.nio.SelectChannelEndPoint.handle(SelectChannelEndPoint.java:627) [jetty-io-8.1.7.v20120910.jar:8.1.7.v20120910]
	at org.eclipse.jetty.io.nio.SelectChannelEndPoint$1.run(SelectChannelEndPoint.java:51) [jetty-io-8.1.7.v20120910.jar:8.1.7.v20120910]
	at org.eclipse.jetty.util.thread.QueuedThreadPool.runJob(QueuedThreadPool.java:608) [jetty-util-8.1.7.v20120910.jar:8.1.7.v20120910]
	at org.eclipse.jetty.util.thread.QueuedThreadPool$3.run(QueuedThreadPool.java:543) [jetty-util-8.1.7.v20120910.jar:8.1.7.v20120910]
	at java.lang.Thread.run(Unknown Source) [na:1.6.0_10-rc2]
22:31:53.473 [qtp16250176-16] WARN  o.e.j.servlet.ErrorPageErrorHandler - EXCEPTION 
org.apache.jasper.JasperException: java.err.nojdk
	at org.apache.jasper.compiler.DefaultErrorHandler.jspError(DefaultErrorHandler.java:89) ~[org.apache.jasper.glassfish-2.1.0.v201110031002.jar:na]
	at org.apache.jasper.compiler.ErrorDispatcher.dispatch(ErrorDispatcher.java:375) ~[org.apache.jasper.glassfish-2.1.0.v201110031002.jar:na]
	at org.apache.jasper.compiler.ErrorDispatcher.jspError(ErrorDispatcher.java:116) ~[org.apache.jasper.glassfish-2.1.0.v201110031002.jar:na]
	at org.apache.jasper.compiler.Jsr199JavaCompiler.compile(Jsr199JavaCompiler.java:198) ~[org.apache.jasper.glassfish-2.1.0.v201110031002.jar:na]
	at org.apache.jasper.compiler.Compiler.generateClass(Compiler.java:364) ~[org.apache.jasper.glassfish-2.1.0.v201110031002.jar:na]
	at org.apache.jasper.compiler.Compiler.compile(Compiler.java:433) ~[org.apache.jasper.glassfish-2.1.0.v201110031002.jar:na]
	at org.apache.jasper.JspCompilationContext.compile(JspCompilationContext.java:608) ~[org.apache.jasper.glassfish-2.1.0.v201110031002.jar:na]
	at org.apache.jasper.servlet.JspServletWrapper.service(JspServletWrapper.java:374) ~[org.apache.jasper.glassfish-2.1.0.v201110031002.jar:na]
	at org.apache.jasper.servlet.JspServlet.serviceJspFile(JspServlet.java:476) ~[org.apache.jasper.glassfish-2.1.0.v201110031002.jar:na]
	at org.apache.jasper.servlet.JspServlet.service(JspServlet.java:366) ~[org.apache.jasper.glassfish-2.1.0.v201110031002.jar:na]
	at javax.servlet.http.HttpServlet.service(HttpServlet.java:820) ~[servlet-api-2.5.jar:2.5]
	at org.eclipse.jetty.servlet.ServletHolder.handle(ServletHolder.java:652) ~[jetty-webapp-7.6.8.v20121106.jar:7.6.8.v20121106]
	at org.eclipse.jetty.servlet.ServletHandler.doHandle(ServletHandler.java:447) [jetty-webapp-7.6.8.v20121106.jar:7.6.8.v20121106]
	at org.eclipse.jetty.server.handler.ScopedHandler.handle(ScopedHandler.java:137) [jetty-webapp-7.6.8.v20121106.jar:7.6.8.v20121106]
	at org.eclipse.jetty.security.SecurityHandler.handle(SecurityHandler.java:574) [jetty-webapp-7.6.8.v20121106.jar:7.6.8.v20121106]
	at org.eclipse.jetty.server.session.SessionHandler.doHandle(SessionHandler.java:227) [jetty-webapp-7.6.8.v20121106.jar:7.6.8.v20121106]
	at org.eclipse.jetty.server.handler.ContextHandler.doHandle(ContextHandler.java:1038) [jetty-webapp-7.6.8.v20121106.jar:7.6.8.v20121106]
	at org.eclipse.jetty.servlet.ServletHandler.doScope(ServletHandler.java:374) [jetty-webapp-7.6.8.v20121106.jar:7.6.8.v20121106]
	at org.eclipse.jetty.server.session.SessionHandler.doScope(SessionHandler.java:189) [jetty-webapp-7.6.8.v20121106.jar:7.6.8.v20121106]
	at org.eclipse.jetty.server.handler.ContextHandler.doScope(ContextHandler.java:972) [jetty-webapp-7.6.8.v20121106.jar:7.6.8.v20121106]
	at org.eclipse.jetty.server.handler.ScopedHandler.handle(ScopedHandler.java:135) [jetty-webapp-7.6.8.v20121106.jar:7.6.8.v20121106]
	at org.eclipse.jetty.server.Dispatcher.forward(Dispatcher.java:293) ~[jetty-webapp-7.6.8.v20121106.jar:7.6.8.v20121106]
	at org.eclipse.jetty.server.Dispatcher.error(Dispatcher.java:129) ~[jetty-webapp-7.6.8.v20121106.jar:7.6.8.v20121106]
	at org.eclipse.jetty.servlet.ErrorPageErrorHandler.handle(ErrorPageErrorHandler.java:143) ~[jetty-webapp-7.6.8.v20121106.jar:7.6.8.v20121106]
	at org.eclipse.jetty.server.Response.sendError(Response.java:347) [jetty-webapp-7.6.8.v20121106.jar:7.6.8.v20121106]
	at org.eclipse.jetty.servlet.ServletHandler.doHandle(ServletHandler.java:530) [jetty-webapp-7.6.8.v20121106.jar:7.6.8.v20121106]
	at org.eclipse.jetty.server.handler.ScopedHandler.handle(ScopedHandler.java:137) [jetty-webapp-7.6.8.v20121106.jar:7.6.8.v20121106]
	at org.eclipse.jetty.security.SecurityHandler.handle(SecurityHandler.java:556) [jetty-webapp-7.6.8.v20121106.jar:7.6.8.v20121106]
	at org.eclipse.jetty.server.session.SessionHandler.doHandle(SessionHandler.java:227) [jetty-webapp-7.6.8.v20121106.jar:7.6.8.v20121106]
	at org.eclipse.jetty.server.handler.ContextHandler.doHandle(ContextHandler.java:1038) [jetty-webapp-7.6.8.v20121106.jar:7.6.8.v20121106]
	at org.eclipse.jetty.servlet.ServletHandler.doScope(ServletHandler.java:374) [jetty-webapp-7.6.8.v20121106.jar:7.6.8.v20121106]
	at org.eclipse.jetty.server.session.SessionHandler.doScope(SessionHandler.java:189) [jetty-webapp-7.6.8.v20121106.jar:7.6.8.v20121106]
	at org.eclipse.jetty.server.handler.ContextHandler.doScope(ContextHandler.java:972) [jetty-webapp-7.6.8.v20121106.jar:7.6.8.v20121106]
	at org.eclipse.jetty.server.handler.ScopedHandler.handle(ScopedHandler.java:135) [jetty-webapp-7.6.8.v20121106.jar:7.6.8.v20121106]
	at org.eclipse.jetty.server.handler.HandlerWrapper.handle(HandlerWrapper.java:116) [jetty-webapp-7.6.8.v20121106.jar:7.6.8.v20121106]
	at org.eclipse.jetty.server.Server.handle(Server.java:363) [jetty-webapp-7.6.8.v20121106.jar:7.6.8.v20121106]
	at org.eclipse.jetty.server.AbstractHttpConnection.handleRequest(AbstractHttpConnection.java:483) [jetty-webapp-7.6.8.v20121106.jar:7.6.8.v20121106]
	at org.eclipse.jetty.server.AbstractHttpConnection.headerComplete(AbstractHttpConnection.java:920) [jetty-webapp-7.6.8.v20121106.jar:7.6.8.v20121106]
	at org.eclipse.jetty.server.AbstractHttpConnection$RequestHandler.headerComplete(AbstractHttpConnection.java:982) [jetty-webapp-7.6.8.v20121106.jar:7.6.8.v20121106]
	at org.eclipse.jetty.http.HttpParser.parseNext(HttpParser.java:635) [jetty-http-8.1.7.v20120910.jar:8.1.7.v20120910]
	at org.eclipse.jetty.http.HttpParser.parseAvailable(HttpParser.java:235) [jetty-http-8.1.7.v20120910.jar:8.1.7.v20120910]
	at org.eclipse.jetty.server.AsyncHttpConnection.handle(AsyncHttpConnection.java:82) [jetty-webapp-7.6.8.v20121106.jar:7.6.8.v20121106]
	at org.eclipse.jetty.io.nio.SelectChannelEndPoint.handle(SelectChannelEndPoint.java:627) [jetty-io-8.1.7.v20120910.jar:8.1.7.v20120910]
	at org.eclipse.jetty.io.nio.SelectChannelEndPoint$1.run(SelectChannelEndPoint.java:51) [jetty-io-8.1.7.v20120910.jar:8.1.7.v20120910]
	at org.eclipse.jetty.util.thread.QueuedThreadPool.runJob(QueuedThreadPool.java:608) [jetty-util-8.1.7.v20120910.jar:8.1.7.v20120910]
	at org.eclipse.jetty.util.thread.QueuedThreadPool$3.run(QueuedThreadPool.java:543) [jetty-util-8.1.7.v20120910.jar:8.1.7.v20120910]
	at java.lang.Thread.run(Unknown Source) [na:1.6.0_10-rc2]
22:36:45.199 [qtp16250176-17] WARN  o.e.jetty.servlet.ServletHandler - /quickstart/login
org.apache.jasper.JasperException: java.err.nojdk
	at org.apache.jasper.compiler.DefaultErrorHandler.jspError(DefaultErrorHandler.java:89) ~[org.apache.jasper.glassfish-2.1.0.v201110031002.jar:na]
	at org.apache.jasper.compiler.ErrorDispatcher.dispatch(ErrorDispatcher.java:375) ~[org.apache.jasper.glassfish-2.1.0.v201110031002.jar:na]
	at org.apache.jasper.compiler.ErrorDispatcher.jspError(ErrorDispatcher.java:116) ~[org.apache.jasper.glassfish-2.1.0.v201110031002.jar:na]
	at org.apache.jasper.compiler.Jsr199JavaCompiler.compile(Jsr199JavaCompiler.java:198) ~[org.apache.jasper.glassfish-2.1.0.v201110031002.jar:na]
	at org.apache.jasper.compiler.Compiler.generateClass(Compiler.java:364) ~[org.apache.jasper.glassfish-2.1.0.v201110031002.jar:na]
	at org.apache.jasper.compiler.Compiler.compile(Compiler.java:433) ~[org.apache.jasper.glassfish-2.1.0.v201110031002.jar:na]
	at org.apache.jasper.JspCompilationContext.compile(JspCompilationContext.java:608) ~[org.apache.jasper.glassfish-2.1.0.v201110031002.jar:na]
	at org.apache.jasper.servlet.JspServletWrapper.service(JspServletWrapper.java:374) ~[org.apache.jasper.glassfish-2.1.0.v201110031002.jar:na]
	at org.apache.jasper.servlet.JspServlet.serviceJspFile(JspServlet.java:476) ~[org.apache.jasper.glassfish-2.1.0.v201110031002.jar:na]
	at org.apache.jasper.servlet.JspServlet.service(JspServlet.java:366) ~[org.apache.jasper.glassfish-2.1.0.v201110031002.jar:na]
	at javax.servlet.http.HttpServlet.service(HttpServlet.java:820) ~[servlet-api-2.5.jar:2.5]
	at org.eclipse.jetty.servlet.ServletHolder.handle(ServletHolder.java:652) ~[jetty-webapp-7.6.8.v20121106.jar:7.6.8.v20121106]
	at org.eclipse.jetty.servlet.ServletHandler.doHandle(ServletHandler.java:447) [jetty-webapp-7.6.8.v20121106.jar:7.6.8.v20121106]
	at org.eclipse.jetty.server.handler.ScopedHandler.handle(ScopedHandler.java:137) [jetty-webapp-7.6.8.v20121106.jar:7.6.8.v20121106]
	at org.eclipse.jetty.security.SecurityHandler.handle(SecurityHandler.java:574) [jetty-webapp-7.6.8.v20121106.jar:7.6.8.v20121106]
	at org.eclipse.jetty.server.session.SessionHandler.doHandle(SessionHandler.java:227) [jetty-webapp-7.6.8.v20121106.jar:7.6.8.v20121106]
	at org.eclipse.jetty.server.handler.ContextHandler.doHandle(ContextHandler.java:1038) [jetty-webapp-7.6.8.v20121106.jar:7.6.8.v20121106]
	at org.eclipse.jetty.servlet.ServletHandler.doScope(ServletHandler.java:374) [jetty-webapp-7.6.8.v20121106.jar:7.6.8.v20121106]
	at org.eclipse.jetty.server.session.SessionHandler.doScope(SessionHandler.java:189) [jetty-webapp-7.6.8.v20121106.jar:7.6.8.v20121106]
	at org.eclipse.jetty.server.handler.ContextHandler.doScope(ContextHandler.java:972) [jetty-webapp-7.6.8.v20121106.jar:7.6.8.v20121106]
	at org.eclipse.jetty.server.handler.ScopedHandler.handle(ScopedHandler.java:135) [jetty-webapp-7.6.8.v20121106.jar:7.6.8.v20121106]
	at org.eclipse.jetty.server.Dispatcher.forward(Dispatcher.java:293) ~[jetty-webapp-7.6.8.v20121106.jar:7.6.8.v20121106]
	at org.eclipse.jetty.server.Dispatcher.forward(Dispatcher.java:120) ~[jetty-webapp-7.6.8.v20121106.jar:7.6.8.v20121106]
	at org.springframework.web.servlet.view.InternalResourceView.renderMergedOutputModel(InternalResourceView.java:238) ~[spring-webmvc-3.2.0.RELEASE.jar:3.2.0.RELEASE]
	at org.springframework.web.servlet.view.AbstractView.render(AbstractView.java:264) ~[spring-webmvc-3.2.0.RELEASE.jar:3.2.0.RELEASE]
	at org.springframework.web.servlet.DispatcherServlet.render(DispatcherServlet.java:1208) ~[spring-webmvc-3.2.0.RELEASE.jar:3.2.0.RELEASE]
	at org.springframework.web.servlet.DispatcherServlet.processDispatchResult(DispatcherServlet.java:992) ~[spring-webmvc-3.2.0.RELEASE.jar:3.2.0.RELEASE]
	at org.springframework.web.servlet.DispatcherServlet.doDispatch(DispatcherServlet.java:939) ~[spring-webmvc-3.2.0.RELEASE.jar:3.2.0.RELEASE]
	at org.springframework.web.servlet.DispatcherServlet.doService(DispatcherServlet.java:856) ~[spring-webmvc-3.2.0.RELEASE.jar:3.2.0.RELEASE]
	at org.springframework.web.servlet.FrameworkServlet.processRequest(FrameworkServlet.java:915) ~[spring-webmvc-3.2.0.RELEASE.jar:3.2.0.RELEASE]
	at org.springframework.web.servlet.FrameworkServlet.doGet(FrameworkServlet.java:811) ~[spring-webmvc-3.2.0.RELEASE.jar:3.2.0.RELEASE]
	at javax.servlet.http.HttpServlet.service(HttpServlet.java:707) ~[servlet-api-2.5.jar:2.5]
	at org.springframework.web.servlet.FrameworkServlet.service(FrameworkServlet.java:796) ~[spring-webmvc-3.2.0.RELEASE.jar:3.2.0.RELEASE]
	at javax.servlet.http.HttpServlet.service(HttpServlet.java:820) ~[servlet-api-2.5.jar:2.5]
	at org.eclipse.jetty.servlet.ServletHolder.handle(ServletHolder.java:652) ~[jetty-webapp-7.6.8.v20121106.jar:7.6.8.v20121106]
	at org.eclipse.jetty.servlet.ServletHandler$CachedChain.doFilter(ServletHandler.java:1329) ~[jetty-webapp-7.6.8.v20121106.jar:7.6.8.v20121106]
	at com.opensymphony.sitemesh.webapp.SiteMeshFilter.obtainContent(SiteMeshFilter.java:129) ~[sitemesh-2.4.2.jar:na]
	at com.opensymphony.sitemesh.webapp.SiteMeshFilter.doFilter(SiteMeshFilter.java:77) ~[sitemesh-2.4.2.jar:na]
	at org.eclipse.jetty.servlet.ServletHandler$CachedChain.doFilter(ServletHandler.java:1300) ~[jetty-webapp-7.6.8.v20121106.jar:7.6.8.v20121106]
	at org.apache.shiro.web.servlet.ProxiedFilterChain.doFilter(ProxiedFilterChain.java:61) ~[shiro-web-1.2.1.jar:1.2.1]
	at org.apache.shiro.web.servlet.AdviceFilter.executeChain(AdviceFilter.java:108) ~[shiro-web-1.2.1.jar:1.2.1]
	at org.apache.shiro.web.servlet.AdviceFilter.doFilterInternal(AdviceFilter.java:137) ~[shiro-web-1.2.1.jar:1.2.1]
	at org.apache.shiro.web.servlet.OncePerRequestFilter.doFilter(OncePerRequestFilter.java:125) ~[shiro-web-1.2.1.jar:1.2.1]
	at org.apache.shiro.web.servlet.ProxiedFilterChain.doFilter(ProxiedFilterChain.java:66) ~[shiro-web-1.2.1.jar:1.2.1]
	at org.apache.shiro.web.servlet.AbstractShiroFilter.executeChain(AbstractShiroFilter.java:449) ~[shiro-web-1.2.1.jar:1.2.1]
	at org.apache.shiro.web.servlet.AbstractShiroFilter$1.call(AbstractShiroFilter.java:365) ~[shiro-web-1.2.1.jar:1.2.1]
	at org.apache.shiro.subject.support.SubjectCallable.doCall(SubjectCallable.java:90) ~[shiro-core-1.2.1.jar:1.2.1]
	at org.apache.shiro.subject.support.SubjectCallable.call(SubjectCallable.java:83) ~[shiro-core-1.2.1.jar:1.2.1]
	at org.apache.shiro.subject.support.DelegatingSubject.execute(DelegatingSubject.java:383) ~[shiro-core-1.2.1.jar:1.2.1]
	at org.apache.shiro.web.servlet.AbstractShiroFilter.doFilterInternal(AbstractShiroFilter.java:362) ~[shiro-web-1.2.1.jar:1.2.1]
	at org.apache.shiro.web.servlet.OncePerRequestFilter.doFilter(OncePerRequestFilter.java:125) ~[shiro-web-1.2.1.jar:1.2.1]
	at org.springframework.web.filter.DelegatingFilterProxy.invokeDelegate(DelegatingFilterProxy.java:346) ~[spring-web-3.2.0.RELEASE.jar:3.2.0.RELEASE]
	at org.springframework.web.filter.DelegatingFilterProxy.doFilter(DelegatingFilterProxy.java:259) ~[spring-web-3.2.0.RELEASE.jar:3.2.0.RELEASE]
	at org.eclipse.jetty.servlet.ServletHandler$CachedChain.doFilter(ServletHandler.java:1300) ~[jetty-webapp-7.6.8.v20121106.jar:7.6.8.v20121106]
	at org.springframework.orm.jpa.support.OpenEntityManagerInViewFilter.doFilterInternal(OpenEntityManagerInViewFilter.java:180) ~[spring-orm-3.2.0.RELEASE.jar:3.2.0.RELEASE]
	at org.springframework.web.filter.OncePerRequestFilter.doFilter(OncePerRequestFilter.java:107) ~[spring-web-3.2.0.RELEASE.jar:3.2.0.RELEASE]
	at org.eclipse.jetty.servlet.ServletHandler$CachedChain.doFilter(ServletHandler.java:1300) ~[jetty-webapp-7.6.8.v20121106.jar:7.6.8.v20121106]
	at org.springframework.web.filter.CharacterEncodingFilter.doFilterInternal(CharacterEncodingFilter.java:88) ~[spring-web-3.2.0.RELEASE.jar:3.2.0.RELEASE]
	at org.springframework.web.filter.OncePerRequestFilter.doFilter(OncePerRequestFilter.java:107) ~[spring-web-3.2.0.RELEASE.jar:3.2.0.RELEASE]
	at org.eclipse.jetty.servlet.ServletHandler$CachedChain.doFilter(ServletHandler.java:1300) ~[jetty-webapp-7.6.8.v20121106.jar:7.6.8.v20121106]
	at org.eclipse.jetty.servlet.ServletHandler.doHandle(ServletHandler.java:445) [jetty-webapp-7.6.8.v20121106.jar:7.6.8.v20121106]
	at org.eclipse.jetty.server.handler.ScopedHandler.handle(ScopedHandler.java:137) [jetty-webapp-7.6.8.v20121106.jar:7.6.8.v20121106]
	at org.eclipse.jetty.security.SecurityHandler.handle(SecurityHandler.java:556) [jetty-webapp-7.6.8.v20121106.jar:7.6.8.v20121106]
	at org.eclipse.jetty.server.session.SessionHandler.doHandle(SessionHandler.java:227) [jetty-webapp-7.6.8.v20121106.jar:7.6.8.v20121106]
	at org.eclipse.jetty.server.handler.ContextHandler.doHandle(ContextHandler.java:1038) [jetty-webapp-7.6.8.v20121106.jar:7.6.8.v20121106]
	at org.eclipse.jetty.servlet.ServletHandler.doScope(ServletHandler.java:374) [jetty-webapp-7.6.8.v20121106.jar:7.6.8.v20121106]
	at org.eclipse.jetty.server.session.SessionHandler.doScope(SessionHandler.java:189) [jetty-webapp-7.6.8.v20121106.jar:7.6.8.v20121106]
	at org.eclipse.jetty.server.handler.ContextHandler.doScope(ContextHandler.java:972) [jetty-webapp-7.6.8.v20121106.jar:7.6.8.v20121106]
	at org.eclipse.jetty.server.handler.ScopedHandler.handle(ScopedHandler.java:135) [jetty-webapp-7.6.8.v20121106.jar:7.6.8.v20121106]
	at org.eclipse.jetty.server.handler.HandlerWrapper.handle(HandlerWrapper.java:116) [jetty-webapp-7.6.8.v20121106.jar:7.6.8.v20121106]
	at org.eclipse.jetty.server.Server.handle(Server.java:363) [jetty-webapp-7.6.8.v20121106.jar:7.6.8.v20121106]
	at org.eclipse.jetty.server.AbstractHttpConnection.handleRequest(AbstractHttpConnection.java:483) [jetty-webapp-7.6.8.v20121106.jar:7.6.8.v20121106]
	at org.eclipse.jetty.server.AbstractHttpConnection.headerComplete(AbstractHttpConnection.java:920) [jetty-webapp-7.6.8.v20121106.jar:7.6.8.v20121106]
	at org.eclipse.jetty.server.AbstractHttpConnection$RequestHandler.headerComplete(AbstractHttpConnection.java:982) [jetty-webapp-7.6.8.v20121106.jar:7.6.8.v20121106]
	at org.eclipse.jetty.http.HttpParser.parseNext(HttpParser.java:635) [jetty-http-8.1.7.v20120910.jar:8.1.7.v20120910]
	at org.eclipse.jetty.http.HttpParser.parseAvailable(HttpParser.java:235) [jetty-http-8.1.7.v20120910.jar:8.1.7.v20120910]
	at org.eclipse.jetty.server.AsyncHttpConnection.handle(AsyncHttpConnection.java:82) [jetty-webapp-7.6.8.v20121106.jar:7.6.8.v20121106]
	at org.eclipse.jetty.io.nio.SelectChannelEndPoint.handle(SelectChannelEndPoint.java:627) [jetty-io-8.1.7.v20120910.jar:8.1.7.v20120910]
	at org.eclipse.jetty.io.nio.SelectChannelEndPoint$1.run(SelectChannelEndPoint.java:51) [jetty-io-8.1.7.v20120910.jar:8.1.7.v20120910]
	at org.eclipse.jetty.util.thread.QueuedThreadPool.runJob(QueuedThreadPool.java:608) [jetty-util-8.1.7.v20120910.jar:8.1.7.v20120910]
	at org.eclipse.jetty.util.thread.QueuedThreadPool$3.run(QueuedThreadPool.java:543) [jetty-util-8.1.7.v20120910.jar:8.1.7.v20120910]
	at java.lang.Thread.run(Unknown Source) [na:1.6.0_10-rc2]
22:36:45.550 [qtp16250176-17] WARN  o.e.j.servlet.ErrorPageErrorHandler - EXCEPTION 
org.apache.jasper.JasperException: java.err.nojdk
	at org.apache.jasper.compiler.DefaultErrorHandler.jspError(DefaultErrorHandler.java:89) ~[org.apache.jasper.glassfish-2.1.0.v201110031002.jar:na]
	at org.apache.jasper.compiler.ErrorDispatcher.dispatch(ErrorDispatcher.java:375) ~[org.apache.jasper.glassfish-2.1.0.v201110031002.jar:na]
	at org.apache.jasper.compiler.ErrorDispatcher.jspError(ErrorDispatcher.java:116) ~[org.apache.jasper.glassfish-2.1.0.v201110031002.jar:na]
	at org.apache.jasper.compiler.Jsr199JavaCompiler.compile(Jsr199JavaCompiler.java:198) ~[org.apache.jasper.glassfish-2.1.0.v201110031002.jar:na]
	at org.apache.jasper.compiler.Compiler.generateClass(Compiler.java:364) ~[org.apache.jasper.glassfish-2.1.0.v201110031002.jar:na]
	at org.apache.jasper.compiler.Compiler.compile(Compiler.java:433) ~[org.apache.jasper.glassfish-2.1.0.v201110031002.jar:na]
	at org.apache.jasper.JspCompilationContext.compile(JspCompilationContext.java:608) ~[org.apache.jasper.glassfish-2.1.0.v201110031002.jar:na]
	at org.apache.jasper.servlet.JspServletWrapper.service(JspServletWrapper.java:374) ~[org.apache.jasper.glassfish-2.1.0.v201110031002.jar:na]
	at org.apache.jasper.servlet.JspServlet.serviceJspFile(JspServlet.java:476) ~[org.apache.jasper.glassfish-2.1.0.v201110031002.jar:na]
	at org.apache.jasper.servlet.JspServlet.service(JspServlet.java:366) ~[org.apache.jasper.glassfish-2.1.0.v201110031002.jar:na]
	at javax.servlet.http.HttpServlet.service(HttpServlet.java:820) ~[servlet-api-2.5.jar:2.5]
	at org.eclipse.jetty.servlet.ServletHolder.handle(ServletHolder.java:652) ~[jetty-webapp-7.6.8.v20121106.jar:7.6.8.v20121106]
	at org.eclipse.jetty.servlet.ServletHandler.doHandle(ServletHandler.java:447) [jetty-webapp-7.6.8.v20121106.jar:7.6.8.v20121106]
	at org.eclipse.jetty.server.handler.ScopedHandler.handle(ScopedHandler.java:137) [jetty-webapp-7.6.8.v20121106.jar:7.6.8.v20121106]
	at org.eclipse.jetty.security.SecurityHandler.handle(SecurityHandler.java:574) [jetty-webapp-7.6.8.v20121106.jar:7.6.8.v20121106]
	at org.eclipse.jetty.server.session.SessionHandler.doHandle(SessionHandler.java:227) [jetty-webapp-7.6.8.v20121106.jar:7.6.8.v20121106]
	at org.eclipse.jetty.server.handler.ContextHandler.doHandle(ContextHandler.java:1038) [jetty-webapp-7.6.8.v20121106.jar:7.6.8.v20121106]
	at org.eclipse.jetty.servlet.ServletHandler.doScope(ServletHandler.java:374) [jetty-webapp-7.6.8.v20121106.jar:7.6.8.v20121106]
	at org.eclipse.jetty.server.session.SessionHandler.doScope(SessionHandler.java:189) [jetty-webapp-7.6.8.v20121106.jar:7.6.8.v20121106]
	at org.eclipse.jetty.server.handler.ContextHandler.doScope(ContextHandler.java:972) [jetty-webapp-7.6.8.v20121106.jar:7.6.8.v20121106]
	at org.eclipse.jetty.server.handler.ScopedHandler.handle(ScopedHandler.java:135) [jetty-webapp-7.6.8.v20121106.jar:7.6.8.v20121106]
	at org.eclipse.jetty.server.Dispatcher.forward(Dispatcher.java:293) ~[jetty-webapp-7.6.8.v20121106.jar:7.6.8.v20121106]
	at org.eclipse.jetty.server.Dispatcher.error(Dispatcher.java:129) ~[jetty-webapp-7.6.8.v20121106.jar:7.6.8.v20121106]
	at org.eclipse.jetty.servlet.ErrorPageErrorHandler.handle(ErrorPageErrorHandler.java:143) ~[jetty-webapp-7.6.8.v20121106.jar:7.6.8.v20121106]
	at org.eclipse.jetty.server.Response.sendError(Response.java:347) [jetty-webapp-7.6.8.v20121106.jar:7.6.8.v20121106]
	at org.eclipse.jetty.servlet.ServletHandler.doHandle(ServletHandler.java:530) [jetty-webapp-7.6.8.v20121106.jar:7.6.8.v20121106]
	at org.eclipse.jetty.server.handler.ScopedHandler.handle(ScopedHandler.java:137) [jetty-webapp-7.6.8.v20121106.jar:7.6.8.v20121106]
	at org.eclipse.jetty.security.SecurityHandler.handle(SecurityHandler.java:556) [jetty-webapp-7.6.8.v20121106.jar:7.6.8.v20121106]
	at org.eclipse.jetty.server.session.SessionHandler.doHandle(SessionHandler.java:227) [jetty-webapp-7.6.8.v20121106.jar:7.6.8.v20121106]
	at org.eclipse.jetty.server.handler.ContextHandler.doHandle(ContextHandler.java:1038) [jetty-webapp-7.6.8.v20121106.jar:7.6.8.v20121106]
	at org.eclipse.jetty.servlet.ServletHandler.doScope(ServletHandler.java:374) [jetty-webapp-7.6.8.v20121106.jar:7.6.8.v20121106]
	at org.eclipse.jetty.server.session.SessionHandler.doScope(SessionHandler.java:189) [jetty-webapp-7.6.8.v20121106.jar:7.6.8.v20121106]
	at org.eclipse.jetty.server.handler.ContextHandler.doScope(ContextHandler.java:972) [jetty-webapp-7.6.8.v20121106.jar:7.6.8.v20121106]
	at org.eclipse.jetty.server.handler.ScopedHandler.handle(ScopedHandler.java:135) [jetty-webapp-7.6.8.v20121106.jar:7.6.8.v20121106]
	at org.eclipse.jetty.server.handler.HandlerWrapper.handle(HandlerWrapper.java:116) [jetty-webapp-7.6.8.v20121106.jar:7.6.8.v20121106]
	at org.eclipse.jetty.server.Server.handle(Server.java:363) [jetty-webapp-7.6.8.v20121106.jar:7.6.8.v20121106]
	at org.eclipse.jetty.server.AbstractHttpConnection.handleRequest(AbstractHttpConnection.java:483) [jetty-webapp-7.6.8.v20121106.jar:7.6.8.v20121106]
	at org.eclipse.jetty.server.AbstractHttpConnection.headerComplete(AbstractHttpConnection.java:920) [jetty-webapp-7.6.8.v20121106.jar:7.6.8.v20121106]
	at org.eclipse.jetty.server.AbstractHttpConnection$RequestHandler.headerComplete(AbstractHttpConnection.java:982) [jetty-webapp-7.6.8.v20121106.jar:7.6.8.v20121106]
	at org.eclipse.jetty.http.HttpParser.parseNext(HttpParser.java:635) [jetty-http-8.1.7.v20120910.jar:8.1.7.v20120910]
	at org.eclipse.jetty.http.HttpParser.parseAvailable(HttpParser.java:235) [jetty-http-8.1.7.v20120910.jar:8.1.7.v20120910]
	at org.eclipse.jetty.server.AsyncHttpConnection.handle(AsyncHttpConnection.java:82) [jetty-webapp-7.6.8.v20121106.jar:7.6.8.v20121106]
	at org.eclipse.jetty.io.nio.SelectChannelEndPoint.handle(SelectChannelEndPoint.java:627) [jetty-io-8.1.7.v20120910.jar:8.1.7.v20120910]
	at org.eclipse.jetty.io.nio.SelectChannelEndPoint$1.run(SelectChannelEndPoint.java:51) [jetty-io-8.1.7.v20120910.jar:8.1.7.v20120910]
	at org.eclipse.jetty.util.thread.QueuedThreadPool.runJob(QueuedThreadPool.java:608) [jetty-util-8.1.7.v20120910.jar:8.1.7.v20120910]
	at org.eclipse.jetty.util.thread.QueuedThreadPool$3.run(QueuedThreadPool.java:543) [jetty-util-8.1.7.v20120910.jar:8.1.7.v20120910]
	at java.lang.Thread.run(Unknown Source) [na:1.6.0_10-rc2]
22:44:20.444 [main] WARN  o.e.j.u.component.AbstractLifeCycle - FAILED SelectChannelConnector@0.0.0.0:8080: java.net.BindException: Address already in use: bind
java.net.BindException: Address already in use: bind
	at sun.nio.ch.Net.bind(Native Method) ~[na:1.6.0_10-rc2]
	at sun.nio.ch.ServerSocketChannelImpl.bind(Unknown Source) ~[na:1.6.0_10-rc2]
	at sun.nio.ch.ServerSocketAdaptor.bind(Unknown Source) ~[na:1.6.0_10-rc2]
	at org.eclipse.jetty.server.nio.SelectChannelConnector.open(SelectChannelConnector.java:187) ~[jetty-webapp-7.6.8.v20121106.jar:7.6.8.v20121106]
	at org.eclipse.jetty.server.AbstractConnector.doStart(AbstractConnector.java:316) ~[jetty-webapp-7.6.8.v20121106.jar:7.6.8.v20121106]
	at org.eclipse.jetty.server.nio.SelectChannelConnector.doStart(SelectChannelConnector.java:265) ~[jetty-webapp-7.6.8.v20121106.jar:7.6.8.v20121106]
	at org.eclipse.jetty.util.component.AbstractLifeCycle.start(AbstractLifeCycle.java:64) [jetty-util-8.1.7.v20120910.jar:8.1.7.v20120910]
	at org.eclipse.jetty.server.Server.doStart(Server.java:286) [jetty-webapp-7.6.8.v20121106.jar:7.6.8.v20121106]
	at org.eclipse.jetty.util.component.AbstractLifeCycle.start(AbstractLifeCycle.java:64) [jetty-util-8.1.7.v20120910.jar:8.1.7.v20120910]
	at org.springside.examples.quickstart.functional.QuickStartServer.main(QuickStartServer.java:27) [test-classes/:na]
22:44:20.455 [main] WARN  o.e.j.u.component.AbstractLifeCycle - FAILED org.eclipse.jetty.server.Server@9a42ef: java.net.BindException: Address already in use: bind
java.net.BindException: Address already in use: bind
	at sun.nio.ch.Net.bind(Native Method) ~[na:1.6.0_10-rc2]
	at sun.nio.ch.ServerSocketChannelImpl.bind(Unknown Source) ~[na:1.6.0_10-rc2]
	at sun.nio.ch.ServerSocketAdaptor.bind(Unknown Source) ~[na:1.6.0_10-rc2]
	at org.eclipse.jetty.server.nio.SelectChannelConnector.open(SelectChannelConnector.java:187) ~[jetty-webapp-7.6.8.v20121106.jar:7.6.8.v20121106]
	at org.eclipse.jetty.server.AbstractConnector.doStart(AbstractConnector.java:316) ~[jetty-webapp-7.6.8.v20121106.jar:7.6.8.v20121106]
	at org.eclipse.jetty.server.nio.SelectChannelConnector.doStart(SelectChannelConnector.java:265) ~[jetty-webapp-7.6.8.v20121106.jar:7.6.8.v20121106]
	at org.eclipse.jetty.util.component.AbstractLifeCycle.start(AbstractLifeCycle.java:64) ~[jetty-util-8.1.7.v20120910.jar:8.1.7.v20120910]
	at org.eclipse.jetty.server.Server.doStart(Server.java:286) ~[jetty-webapp-7.6.8.v20121106.jar:7.6.8.v20121106]
	at org.eclipse.jetty.util.component.AbstractLifeCycle.start(AbstractLifeCycle.java:64) ~[jetty-util-8.1.7.v20120910.jar:8.1.7.v20120910]
	at org.springside.examples.quickstart.functional.QuickStartServer.main(QuickStartServer.java:27) [test-classes/:na]
22:44:55.054 [qtp11935697-17] WARN  o.e.jetty.servlet.ServletHandler - /quickstart/login
org.apache.jasper.JasperException: java.err.nojdk
	at org.apache.jasper.compiler.DefaultErrorHandler.jspError(DefaultErrorHandler.java:89) ~[org.apache.jasper.glassfish-2.1.0.v201110031002.jar:na]
	at org.apache.jasper.compiler.ErrorDispatcher.dispatch(ErrorDispatcher.java:375) ~[org.apache.jasper.glassfish-2.1.0.v201110031002.jar:na]
	at org.apache.jasper.compiler.ErrorDispatcher.jspError(ErrorDispatcher.java:116) ~[org.apache.jasper.glassfish-2.1.0.v201110031002.jar:na]
	at org.apache.jasper.compiler.Jsr199JavaCompiler.compile(Jsr199JavaCompiler.java:198) ~[org.apache.jasper.glassfish-2.1.0.v201110031002.jar:na]
	at org.apache.jasper.compiler.Compiler.generateClass(Compiler.java:364) ~[org.apache.jasper.glassfish-2.1.0.v201110031002.jar:na]
	at org.apache.jasper.compiler.Compiler.compile(Compiler.java:433) ~[org.apache.jasper.glassfish-2.1.0.v201110031002.jar:na]
	at org.apache.jasper.JspCompilationContext.compile(JspCompilationContext.java:608) ~[org.apache.jasper.glassfish-2.1.0.v201110031002.jar:na]
	at org.apache.jasper.servlet.JspServletWrapper.service(JspServletWrapper.java:374) ~[org.apache.jasper.glassfish-2.1.0.v201110031002.jar:na]
	at org.apache.jasper.servlet.JspServlet.serviceJspFile(JspServlet.java:476) ~[org.apache.jasper.glassfish-2.1.0.v201110031002.jar:na]
	at org.apache.jasper.servlet.JspServlet.service(JspServlet.java:366) ~[org.apache.jasper.glassfish-2.1.0.v201110031002.jar:na]
	at javax.servlet.http.HttpServlet.service(HttpServlet.java:820) ~[servlet-api-2.5.jar:2.5]
	at org.eclipse.jetty.servlet.ServletHolder.handle(ServletHolder.java:652) ~[jetty-webapp-7.6.8.v20121106.jar:7.6.8.v20121106]
	at org.eclipse.jetty.servlet.ServletHandler.doHandle(ServletHandler.java:447) [jetty-webapp-7.6.8.v20121106.jar:7.6.8.v20121106]
	at org.eclipse.jetty.server.handler.ScopedHandler.handle(ScopedHandler.java:137) [jetty-webapp-7.6.8.v20121106.jar:7.6.8.v20121106]
	at org.eclipse.jetty.security.SecurityHandler.handle(SecurityHandler.java:574) [jetty-webapp-7.6.8.v20121106.jar:7.6.8.v20121106]
	at org.eclipse.jetty.server.session.SessionHandler.doHandle(SessionHandler.java:227) [jetty-webapp-7.6.8.v20121106.jar:7.6.8.v20121106]
	at org.eclipse.jetty.server.handler.ContextHandler.doHandle(ContextHandler.java:1038) [jetty-webapp-7.6.8.v20121106.jar:7.6.8.v20121106]
	at org.eclipse.jetty.servlet.ServletHandler.doScope(ServletHandler.java:374) [jetty-webapp-7.6.8.v20121106.jar:7.6.8.v20121106]
	at org.eclipse.jetty.server.session.SessionHandler.doScope(SessionHandler.java:189) [jetty-webapp-7.6.8.v20121106.jar:7.6.8.v20121106]
	at org.eclipse.jetty.server.handler.ContextHandler.doScope(ContextHandler.java:972) [jetty-webapp-7.6.8.v20121106.jar:7.6.8.v20121106]
	at org.eclipse.jetty.server.handler.ScopedHandler.handle(ScopedHandler.java:135) [jetty-webapp-7.6.8.v20121106.jar:7.6.8.v20121106]
	at org.eclipse.jetty.server.Dispatcher.forward(Dispatcher.java:293) ~[jetty-webapp-7.6.8.v20121106.jar:7.6.8.v20121106]
	at org.eclipse.jetty.server.Dispatcher.forward(Dispatcher.java:120) ~[jetty-webapp-7.6.8.v20121106.jar:7.6.8.v20121106]
	at org.springframework.web.servlet.view.InternalResourceView.renderMergedOutputModel(InternalResourceView.java:238) ~[spring-webmvc-3.2.0.RELEASE.jar:3.2.0.RELEASE]
	at org.springframework.web.servlet.view.AbstractView.render(AbstractView.java:264) ~[spring-webmvc-3.2.0.RELEASE.jar:3.2.0.RELEASE]
	at org.springframework.web.servlet.DispatcherServlet.render(DispatcherServlet.java:1208) ~[spring-webmvc-3.2.0.RELEASE.jar:3.2.0.RELEASE]
	at org.springframework.web.servlet.DispatcherServlet.processDispatchResult(DispatcherServlet.java:992) ~[spring-webmvc-3.2.0.RELEASE.jar:3.2.0.RELEASE]
	at org.springframework.web.servlet.DispatcherServlet.doDispatch(DispatcherServlet.java:939) ~[spring-webmvc-3.2.0.RELEASE.jar:3.2.0.RELEASE]
	at org.springframework.web.servlet.DispatcherServlet.doService(DispatcherServlet.java:856) ~[spring-webmvc-3.2.0.RELEASE.jar:3.2.0.RELEASE]
	at org.springframework.web.servlet.FrameworkServlet.processRequest(FrameworkServlet.java:915) ~[spring-webmvc-3.2.0.RELEASE.jar:3.2.0.RELEASE]
	at org.springframework.web.servlet.FrameworkServlet.doGet(FrameworkServlet.java:811) ~[spring-webmvc-3.2.0.RELEASE.jar:3.2.0.RELEASE]
	at javax.servlet.http.HttpServlet.service(HttpServlet.java:707) ~[servlet-api-2.5.jar:2.5]
	at org.springframework.web.servlet.FrameworkServlet.service(FrameworkServlet.java:796) ~[spring-webmvc-3.2.0.RELEASE.jar:3.2.0.RELEASE]
	at javax.servlet.http.HttpServlet.service(HttpServlet.java:820) ~[servlet-api-2.5.jar:2.5]
	at org.eclipse.jetty.servlet.ServletHolder.handle(ServletHolder.java:652) ~[jetty-webapp-7.6.8.v20121106.jar:7.6.8.v20121106]
	at org.eclipse.jetty.servlet.ServletHandler$CachedChain.doFilter(ServletHandler.java:1329) ~[jetty-webapp-7.6.8.v20121106.jar:7.6.8.v20121106]
	at com.opensymphony.sitemesh.webapp.SiteMeshFilter.obtainContent(SiteMeshFilter.java:129) ~[sitemesh-2.4.2.jar:na]
	at com.opensymphony.sitemesh.webapp.SiteMeshFilter.doFilter(SiteMeshFilter.java:77) ~[sitemesh-2.4.2.jar:na]
	at org.eclipse.jetty.servlet.ServletHandler$CachedChain.doFilter(ServletHandler.java:1300) ~[jetty-webapp-7.6.8.v20121106.jar:7.6.8.v20121106]
	at org.apache.shiro.web.servlet.ProxiedFilterChain.doFilter(ProxiedFilterChain.java:61) ~[shiro-web-1.2.1.jar:1.2.1]
	at org.apache.shiro.web.servlet.AdviceFilter.executeChain(AdviceFilter.java:108) ~[shiro-web-1.2.1.jar:1.2.1]
	at org.apache.shiro.web.servlet.AdviceFilter.doFilterInternal(AdviceFilter.java:137) ~[shiro-web-1.2.1.jar:1.2.1]
	at org.apache.shiro.web.servlet.OncePerRequestFilter.doFilter(OncePerRequestFilter.java:125) ~[shiro-web-1.2.1.jar:1.2.1]
	at org.apache.shiro.web.servlet.ProxiedFilterChain.doFilter(ProxiedFilterChain.java:66) ~[shiro-web-1.2.1.jar:1.2.1]
	at org.apache.shiro.web.servlet.AbstractShiroFilter.executeChain(AbstractShiroFilter.java:449) ~[shiro-web-1.2.1.jar:1.2.1]
	at org.apache.shiro.web.servlet.AbstractShiroFilter$1.call(AbstractShiroFilter.java:365) ~[shiro-web-1.2.1.jar:1.2.1]
	at org.apache.shiro.subject.support.SubjectCallable.doCall(SubjectCallable.java:90) ~[shiro-core-1.2.1.jar:1.2.1]
	at org.apache.shiro.subject.support.SubjectCallable.call(SubjectCallable.java:83) ~[shiro-core-1.2.1.jar:1.2.1]
	at org.apache.shiro.subject.support.DelegatingSubject.execute(DelegatingSubject.java:383) ~[shiro-core-1.2.1.jar:1.2.1]
	at org.apache.shiro.web.servlet.AbstractShiroFilter.doFilterInternal(AbstractShiroFilter.java:362) ~[shiro-web-1.2.1.jar:1.2.1]
	at org.apache.shiro.web.servlet.OncePerRequestFilter.doFilter(OncePerRequestFilter.java:125) ~[shiro-web-1.2.1.jar:1.2.1]
	at org.springframework.web.filter.DelegatingFilterProxy.invokeDelegate(DelegatingFilterProxy.java:346) ~[spring-web-3.2.0.RELEASE.jar:3.2.0.RELEASE]
	at org.springframework.web.filter.DelegatingFilterProxy.doFilter(DelegatingFilterProxy.java:259) ~[spring-web-3.2.0.RELEASE.jar:3.2.0.RELEASE]
	at org.eclipse.jetty.servlet.ServletHandler$CachedChain.doFilter(ServletHandler.java:1300) ~[jetty-webapp-7.6.8.v20121106.jar:7.6.8.v20121106]
	at org.springframework.orm.jpa.support.OpenEntityManagerInViewFilter.doFilterInternal(OpenEntityManagerInViewFilter.java:180) ~[spring-orm-3.2.0.RELEASE.jar:3.2.0.RELEASE]
	at org.springframework.web.filter.OncePerRequestFilter.doFilter(OncePerRequestFilter.java:107) ~[spring-web-3.2.0.RELEASE.jar:3.2.0.RELEASE]
	at org.eclipse.jetty.servlet.ServletHandler$CachedChain.doFilter(ServletHandler.java:1300) ~[jetty-webapp-7.6.8.v20121106.jar:7.6.8.v20121106]
	at org.springframework.web.filter.CharacterEncodingFilter.doFilterInternal(CharacterEncodingFilter.java:88) ~[spring-web-3.2.0.RELEASE.jar:3.2.0.RELEASE]
	at org.springframework.web.filter.OncePerRequestFilter.doFilter(OncePerRequestFilter.java:107) ~[spring-web-3.2.0.RELEASE.jar:3.2.0.RELEASE]
	at org.eclipse.jetty.servlet.ServletHandler$CachedChain.doFilter(ServletHandler.java:1300) ~[jetty-webapp-7.6.8.v20121106.jar:7.6.8.v20121106]
	at org.eclipse.jetty.servlet.ServletHandler.doHandle(ServletHandler.java:445) [jetty-webapp-7.6.8.v20121106.jar:7.6.8.v20121106]
	at org.eclipse.jetty.server.handler.ScopedHandler.handle(ScopedHandler.java:137) [jetty-webapp-7.6.8.v20121106.jar:7.6.8.v20121106]
	at org.eclipse.jetty.security.SecurityHandler.handle(SecurityHandler.java:556) [jetty-webapp-7.6.8.v20121106.jar:7.6.8.v20121106]
	at org.eclipse.jetty.server.session.SessionHandler.doHandle(SessionHandler.java:227) [jetty-webapp-7.6.8.v20121106.jar:7.6.8.v20121106]
	at org.eclipse.jetty.server.handler.ContextHandler.doHandle(ContextHandler.java:1038) [jetty-webapp-7.6.8.v20121106.jar:7.6.8.v20121106]
	at org.eclipse.jetty.servlet.ServletHandler.doScope(ServletHandler.java:374) [jetty-webapp-7.6.8.v20121106.jar:7.6.8.v20121106]
	at org.eclipse.jetty.server.session.SessionHandler.doScope(SessionHandler.java:189) [jetty-webapp-7.6.8.v20121106.jar:7.6.8.v20121106]
	at org.eclipse.jetty.server.handler.ContextHandler.doScope(ContextHandler.java:972) [jetty-webapp-7.6.8.v20121106.jar:7.6.8.v20121106]
	at org.eclipse.jetty.server.handler.ScopedHandler.handle(ScopedHandler.java:135) [jetty-webapp-7.6.8.v20121106.jar:7.6.8.v20121106]
	at org.eclipse.jetty.server.handler.HandlerWrapper.handle(HandlerWrapper.java:116) [jetty-webapp-7.6.8.v20121106.jar:7.6.8.v20121106]
	at org.eclipse.jetty.server.Server.handle(Server.java:363) [jetty-webapp-7.6.8.v20121106.jar:7.6.8.v20121106]
	at org.eclipse.jetty.server.AbstractHttpConnection.handleRequest(AbstractHttpConnection.java:483) [jetty-webapp-7.6.8.v20121106.jar:7.6.8.v20121106]
	at org.eclipse.jetty.server.AbstractHttpConnection.headerComplete(AbstractHttpConnection.java:920) [jetty-webapp-7.6.8.v20121106.jar:7.6.8.v20121106]
	at org.eclipse.jetty.server.AbstractHttpConnection$RequestHandler.headerComplete(AbstractHttpConnection.java:982) [jetty-webapp-7.6.8.v20121106.jar:7.6.8.v20121106]
	at org.eclipse.jetty.http.HttpParser.parseNext(HttpParser.java:635) [jetty-http-8.1.7.v20120910.jar:8.1.7.v20120910]
	at org.eclipse.jetty.http.HttpParser.parseAvailable(HttpParser.java:235) [jetty-http-8.1.7.v20120910.jar:8.1.7.v20120910]
	at org.eclipse.jetty.server.AsyncHttpConnection.handle(AsyncHttpConnection.java:82) [jetty-webapp-7.6.8.v20121106.jar:7.6.8.v20121106]
	at org.eclipse.jetty.io.nio.SelectChannelEndPoint.handle(SelectChannelEndPoint.java:627) [jetty-io-8.1.7.v20120910.jar:8.1.7.v20120910]
	at org.eclipse.jetty.io.nio.SelectChannelEndPoint$1.run(SelectChannelEndPoint.java:51) [jetty-io-8.1.7.v20120910.jar:8.1.7.v20120910]
	at org.eclipse.jetty.util.thread.QueuedThreadPool.runJob(QueuedThreadPool.java:608) [jetty-util-8.1.7.v20120910.jar:8.1.7.v20120910]
	at org.eclipse.jetty.util.thread.QueuedThreadPool$3.run(QueuedThreadPool.java:543) [jetty-util-8.1.7.v20120910.jar:8.1.7.v20120910]
	at java.lang.Thread.run(Unknown Source) [na:1.6.0_10-rc2]
22:44:55.082 [qtp11935697-17] WARN  o.e.j.servlet.ErrorPageErrorHandler - EXCEPTION 
org.apache.jasper.JasperException: java.err.nojdk
	at org.apache.jasper.compiler.DefaultErrorHandler.jspError(DefaultErrorHandler.java:89) ~[org.apache.jasper.glassfish-2.1.0.v201110031002.jar:na]
	at org.apache.jasper.compiler.ErrorDispatcher.dispatch(ErrorDispatcher.java:375) ~[org.apache.jasper.glassfish-2.1.0.v201110031002.jar:na]
	at org.apache.jasper.compiler.ErrorDispatcher.jspError(ErrorDispatcher.java:116) ~[org.apache.jasper.glassfish-2.1.0.v201110031002.jar:na]
	at org.apache.jasper.compiler.Jsr199JavaCompiler.compile(Jsr199JavaCompiler.java:198) ~[org.apache.jasper.glassfish-2.1.0.v201110031002.jar:na]
	at org.apache.jasper.compiler.Compiler.generateClass(Compiler.java:364) ~[org.apache.jasper.glassfish-2.1.0.v201110031002.jar:na]
	at org.apache.jasper.compiler.Compiler.compile(Compiler.java:433) ~[org.apache.jasper.glassfish-2.1.0.v201110031002.jar:na]
	at org.apache.jasper.JspCompilationContext.compile(JspCompilationContext.java:608) ~[org.apache.jasper.glassfish-2.1.0.v201110031002.jar:na]
	at org.apache.jasper.servlet.JspServletWrapper.service(JspServletWrapper.java:374) ~[org.apache.jasper.glassfish-2.1.0.v201110031002.jar:na]
	at org.apache.jasper.servlet.JspServlet.serviceJspFile(JspServlet.java:476) ~[org.apache.jasper.glassfish-2.1.0.v201110031002.jar:na]
	at org.apache.jasper.servlet.JspServlet.service(JspServlet.java:366) ~[org.apache.jasper.glassfish-2.1.0.v201110031002.jar:na]
	at javax.servlet.http.HttpServlet.service(HttpServlet.java:820) ~[servlet-api-2.5.jar:2.5]
	at org.eclipse.jetty.servlet.ServletHolder.handle(ServletHolder.java:652) ~[jetty-webapp-7.6.8.v20121106.jar:7.6.8.v20121106]
	at org.eclipse.jetty.servlet.ServletHandler.doHandle(ServletHandler.java:447) [jetty-webapp-7.6.8.v20121106.jar:7.6.8.v20121106]
	at org.eclipse.jetty.server.handler.ScopedHandler.handle(ScopedHandler.java:137) [jetty-webapp-7.6.8.v20121106.jar:7.6.8.v20121106]
	at org.eclipse.jetty.security.SecurityHandler.handle(SecurityHandler.java:574) [jetty-webapp-7.6.8.v20121106.jar:7.6.8.v20121106]
	at org.eclipse.jetty.server.session.SessionHandler.doHandle(SessionHandler.java:227) [jetty-webapp-7.6.8.v20121106.jar:7.6.8.v20121106]
	at org.eclipse.jetty.server.handler.ContextHandler.doHandle(ContextHandler.java:1038) [jetty-webapp-7.6.8.v20121106.jar:7.6.8.v20121106]
	at org.eclipse.jetty.servlet.ServletHandler.doScope(ServletHandler.java:374) [jetty-webapp-7.6.8.v20121106.jar:7.6.8.v20121106]
	at org.eclipse.jetty.server.session.SessionHandler.doScope(SessionHandler.java:189) [jetty-webapp-7.6.8.v20121106.jar:7.6.8.v20121106]
	at org.eclipse.jetty.server.handler.ContextHandler.doScope(ContextHandler.java:972) [jetty-webapp-7.6.8.v20121106.jar:7.6.8.v20121106]
	at org.eclipse.jetty.server.handler.ScopedHandler.handle(ScopedHandler.java:135) [jetty-webapp-7.6.8.v20121106.jar:7.6.8.v20121106]
	at org.eclipse.jetty.server.Dispatcher.forward(Dispatcher.java:293) ~[jetty-webapp-7.6.8.v20121106.jar:7.6.8.v20121106]
	at org.eclipse.jetty.server.Dispatcher.error(Dispatcher.java:129) ~[jetty-webapp-7.6.8.v20121106.jar:7.6.8.v20121106]
	at org.eclipse.jetty.servlet.ErrorPageErrorHandler.handle(ErrorPageErrorHandler.java:143) ~[jetty-webapp-7.6.8.v20121106.jar:7.6.8.v20121106]
	at org.eclipse.jetty.server.Response.sendError(Response.java:347) [jetty-webapp-7.6.8.v20121106.jar:7.6.8.v20121106]
	at org.eclipse.jetty.servlet.ServletHandler.doHandle(ServletHandler.java:530) [jetty-webapp-7.6.8.v20121106.jar:7.6.8.v20121106]
	at org.eclipse.jetty.server.handler.ScopedHandler.handle(ScopedHandler.java:137) [jetty-webapp-7.6.8.v20121106.jar:7.6.8.v20121106]
	at org.eclipse.jetty.security.SecurityHandler.handle(SecurityHandler.java:556) [jetty-webapp-7.6.8.v20121106.jar:7.6.8.v20121106]
	at org.eclipse.jetty.server.session.SessionHandler.doHandle(SessionHandler.java:227) [jetty-webapp-7.6.8.v20121106.jar:7.6.8.v20121106]
	at org.eclipse.jetty.server.handler.ContextHandler.doHandle(ContextHandler.java:1038) [jetty-webapp-7.6.8.v20121106.jar:7.6.8.v20121106]
	at org.eclipse.jetty.servlet.ServletHandler.doScope(ServletHandler.java:374) [jetty-webapp-7.6.8.v20121106.jar:7.6.8.v20121106]
	at org.eclipse.jetty.server.session.SessionHandler.doScope(SessionHandler.java:189) [jetty-webapp-7.6.8.v20121106.jar:7.6.8.v20121106]
	at org.eclipse.jetty.server.handler.ContextHandler.doScope(ContextHandler.java:972) [jetty-webapp-7.6.8.v20121106.jar:7.6.8.v20121106]
	at org.eclipse.jetty.server.handler.ScopedHandler.handle(ScopedHandler.java:135) [jetty-webapp-7.6.8.v20121106.jar:7.6.8.v20121106]
	at org.eclipse.jetty.server.handler.HandlerWrapper.handle(HandlerWrapper.java:116) [jetty-webapp-7.6.8.v20121106.jar:7.6.8.v20121106]
	at org.eclipse.jetty.server.Server.handle(Server.java:363) [jetty-webapp-7.6.8.v20121106.jar:7.6.8.v20121106]
	at org.eclipse.jetty.server.AbstractHttpConnection.handleRequest(AbstractHttpConnection.java:483) [jetty-webapp-7.6.8.v20121106.jar:7.6.8.v20121106]
	at org.eclipse.jetty.server.AbstractHttpConnection.headerComplete(AbstractHttpConnection.java:920) [jetty-webapp-7.6.8.v20121106.jar:7.6.8.v20121106]
	at org.eclipse.jetty.server.AbstractHttpConnection$RequestHandler.headerComplete(AbstractHttpConnection.java:982) [jetty-webapp-7.6.8.v20121106.jar:7.6.8.v20121106]
	at org.eclipse.jetty.http.HttpParser.parseNext(HttpParser.java:635) [jetty-http-8.1.7.v20120910.jar:8.1.7.v20120910]
	at org.eclipse.jetty.http.HttpParser.parseAvailable(HttpParser.java:235) [jetty-http-8.1.7.v20120910.jar:8.1.7.v20120910]
	at org.eclipse.jetty.server.AsyncHttpConnection.handle(AsyncHttpConnection.java:82) [jetty-webapp-7.6.8.v20121106.jar:7.6.8.v20121106]
	at org.eclipse.jetty.io.nio.SelectChannelEndPoint.handle(SelectChannelEndPoint.java:627) [jetty-io-8.1.7.v20120910.jar:8.1.7.v20120910]
	at org.eclipse.jetty.io.nio.SelectChannelEndPoint$1.run(SelectChannelEndPoint.java:51) [jetty-io-8.1.7.v20120910.jar:8.1.7.v20120910]
	at org.eclipse.jetty.util.thread.QueuedThreadPool.runJob(QueuedThreadPool.java:608) [jetty-util-8.1.7.v20120910.jar:8.1.7.v20120910]
	at org.eclipse.jetty.util.thread.QueuedThreadPool$3.run(QueuedThreadPool.java:543) [jetty-util-8.1.7.v20120910.jar:8.1.7.v20120910]
	at java.lang.Thread.run(Unknown Source) [na:1.6.0_10-rc2]
